2025-04-15 10:26:20,232 - INFO - Логгер для порта 5001 настроен, лог в territorial_api_5001.log
2025-04-15 10:26:20,232 - INFO - Проверка и настройка структуры БД: territorial1_db.sqlite...
2025-04-15 10:26:20,241 - INFO - Таблица 'telemetry' в territorial1_db.sqlite готова.
2025-04-15 10:26:20,241 - INFO - Запуск API на порту 5001 для работы с БД territorial1_db.sqlite
2025-04-15 15:23:50,531 - INFO - Логгер для порта 5001 настроен, лог в territorial_api_5001.log
2025-04-15 15:23:50,532 - INFO - Проверка и настройка структуры БД: territorial1_db.sqlite...
2025-04-15 15:23:50,546 - INFO - Таблица 'telemetry' в territorial1_db.sqlite готова.
2025-04-15 15:23:50,546 - INFO - Запуск API на порту 5001 для работы с БД territorial1_db.sqlite
2025-04-15 15:32:10,677 - INFO - Получен входящий POST запрос на /replicate
2025-04-15 15:32:10,678 - INFO - Получено 5 записей для сохранения.
2025-04-15 15:32:10,682 - INFO - Успешно обработано (вставлено или проигнорировано) 5 записей.
2025-04-15 15:32:10,683 - INFO - Успешно обработаны ID: [1, 2, 3, 4, 5]
2025-04-15 15:32:20,734 - INFO - Получен входящий POST запрос на /replicate
2025-04-15 15:32:20,735 - INFO - Получено 5 записей для сохранения.
2025-04-15 15:32:20,740 - INFO - Успешно обработано (вставлено или проигнорировано) 5 записей.
2025-04-15 15:32:20,741 - INFO - Успешно обработаны ID: [6, 7, 8, 9, 10]
2025-04-15 15:32:30,818 - INFO - Получен входящий POST запрос на /replicate
2025-04-15 15:32:30,818 - INFO - Получено 5 записей для сохранения.
2025-04-15 15:32:30,824 - INFO - Успешно обработано (вставлено или проигнорировано) 5 записей.
2025-04-15 15:32:30,824 - INFO - Успешно обработаны ID: [11, 12, 13, 14, 15]
2025-04-15 15:32:40,890 - INFO - Получен входящий POST запрос на /replicate
2025-04-15 15:32:40,891 - INFO - Получено 5 записей для сохранения.
2025-04-15 15:32:40,897 - INFO - Успешно обработано (вставлено или проигнорировано) 5 записей.
2025-04-15 15:32:40,897 - INFO - Успешно обработаны ID: [16, 17, 18, 19, 20]
2025-04-15 15:32:50,971 - INFO - Получен входящий POST запрос на /replicate
2025-04-15 15:32:50,972 - INFO - Получено 5 записей для сохранения.
2025-04-15 15:32:50,980 - INFO - Успешно обработано (вставлено или проигнорировано) 5 записей.
2025-04-15 15:32:50,981 - INFO - Успешно обработаны ID: [21, 22, 23, 24, 25]
2025-04-15 15:33:01,055 - INFO - Получен входящий POST запрос на /replicate
2025-04-15 15:33:01,055 - INFO - Получено 5 записей для сохранения.
2025-04-15 15:33:01,062 - INFO - Успешно обработано (вставлено или проигнорировано) 5 записей.
2025-04-15 15:33:01,063 - INFO - Успешно обработаны ID: [26, 27, 28, 29, 30]
2025-04-15 15:33:11,111 - INFO - Получен входящий POST запрос на /replicate
2025-04-15 15:33:11,111 - INFO - Получено 5 записей для сохранения.
2025-04-15 15:33:11,115 - INFO - Успешно обработано (вставлено или проигнорировано) 5 записей.
2025-04-15 15:33:11,116 - INFO - Успешно обработаны ID: [31, 32, 33, 34, 35]
2025-04-15 15:33:21,178 - INFO - Получен входящий POST запрос на /replicate
2025-04-15 15:33:21,179 - INFO - Получено 5 записей для сохранения.
2025-04-15 15:33:21,186 - INFO - Успешно обработано (вставлено или проигнорировано) 5 записей.
2025-04-15 15:33:21,186 - INFO - Успешно обработаны ID: [36, 37, 38, 39, 40]
2025-04-15 15:33:31,236 - INFO - Получен входящий POST запрос на /replicate
2025-04-15 15:33:31,237 - INFO - Получено 5 записей для сохранения.
2025-04-15 15:33:31,242 - INFO - Успешно обработано (вставлено или проигнорировано) 5 записей.
2025-04-15 15:33:31,243 - INFO - Успешно обработаны ID: [41, 42, 43, 44, 45]
2025-04-15 15:33:41,295 - INFO - Получен входящий POST запрос на /replicate
2025-04-15 15:33:41,295 - INFO - Получено 5 записей для сохранения.
2025-04-15 15:33:41,301 - INFO - Успешно обработано (вставлено или проигнорировано) 5 записей.
2025-04-15 15:33:41,301 - INFO - Успешно обработаны ID: [46, 47, 48, 49, 50]
2025-04-15 15:33:51,380 - INFO - Получен входящий POST запрос на /replicate
2025-04-15 15:33:51,380 - INFO - Получено 5 записей для сохранения.
2025-04-15 15:33:51,385 - INFO - Успешно обработано (вставлено или проигнорировано) 5 записей.
2025-04-15 15:33:51,386 - INFO - Успешно обработаны ID: [51, 52, 53, 54, 55]
2025-04-15 15:34:01,435 - INFO - Получен входящий POST запрос на /replicate
2025-04-15 15:34:01,436 - INFO - Получено 5 записей для сохранения.
2025-04-15 15:34:01,444 - INFO - Успешно обработано (вставлено или проигнорировано) 5 записей.
2025-04-15 15:34:01,445 - INFO - Успешно обработаны ID: [56, 57, 58, 59, 60]
2025-04-15 15:34:11,509 - INFO - Получен входящий POST запрос на /replicate
2025-04-15 15:34:11,510 - INFO - Получено 5 записей для сохранения.
2025-04-15 15:34:11,518 - INFO - Успешно обработано (вставлено или проигнорировано) 5 записей.
2025-04-15 15:34:11,518 - INFO - Успешно обработаны ID: [61, 62, 63, 64, 65]
2025-04-15 15:34:21,596 - INFO - Получен входящий POST запрос на /replicate
2025-04-15 15:34:21,597 - INFO - Получено 5 записей для сохранения.
2025-04-15 15:34:21,605 - INFO - Успешно обработано (вставлено или проигнорировано) 5 записей.
2025-04-15 15:34:21,606 - INFO - Успешно обработаны ID: [66, 67, 68, 69, 70]
2025-04-15 15:34:31,660 - INFO - Получен входящий POST запрос на /replicate
2025-04-15 15:34:31,661 - INFO - Получено 5 записей для сохранения.
2025-04-15 15:34:31,668 - INFO - Успешно обработано (вставлено или проигнорировано) 5 записей.
2025-04-15 15:34:31,669 - INFO - Успешно обработаны ID: [71, 72, 73, 74, 75]
2025-04-15 15:34:41,727 - INFO - Получен входящий POST запрос на /replicate
2025-04-15 15:34:41,728 - INFO - Получено 5 записей для сохранения.
2025-04-15 15:34:41,736 - INFO - Успешно обработано (вставлено или проигнорировано) 5 записей.
2025-04-15 15:34:41,736 - INFO - Успешно обработаны ID: [76, 77, 78, 79, 80]
2025-04-15 15:34:51,785 - INFO - Получен входящий POST запрос на /replicate
2025-04-15 15:34:51,785 - INFO - Получено 5 записей для сохранения.
2025-04-15 15:34:51,789 - INFO - Успешно обработано (вставлено или проигнорировано) 5 записей.
2025-04-15 15:34:51,789 - INFO - Успешно обработаны ID: [81, 82, 83, 84, 85]
2025-04-15 16:05:46,461 - INFO - Логгер для порта 5001 настроен, лог в territorial_api_5001.log
2025-04-15 16:05:46,462 - INFO - Проверка и настройка структуры БД: territorial1_db.sqlite...
2025-04-15 16:05:46,468 - INFO - Таблица 'telemetry' в territorial1_db.sqlite готова.
2025-04-15 16:05:46,468 - INFO - Запуск API на порту 5001 для работы с БД territorial1_db.sqlite
2025-04-15 16:05:59,561 - INFO - Получен входящий POST запрос на /replicate
2025-04-15 16:05:59,561 - INFO - Получено 1 записей для сохранения.
2025-04-15 16:05:59,565 - INFO - Успешно обработано (вставлено или проигнорировано) 1 записей.
2025-04-15 16:05:59,565 - INFO - Успешно обработаны ID: [1]
2025-04-15 16:06:09,604 - INFO - Получен входящий POST запрос на /replicate
2025-04-15 16:06:09,605 - INFO - Получено 2 записей для сохранения.
2025-04-15 16:06:09,611 - INFO - Успешно обработано (вставлено или проигнорировано) 2 записей.
2025-04-15 16:06:09,612 - INFO - Успешно обработаны ID: [5, 6]
2025-04-15 16:06:19,684 - INFO - Получен входящий POST запрос на /replicate
2025-04-15 16:06:19,685 - INFO - Получено 3 записей для сохранения.
2025-04-15 16:06:19,692 - INFO - Успешно обработано (вставлено или проигнорировано) 3 записей.
2025-04-15 16:06:19,692 - INFO - Успешно обработаны ID: [8, 9, 11]
2025-04-15 16:06:29,773 - INFO - Получен входящий POST запрос на /replicate
2025-04-15 16:06:29,774 - INFO - Получено 2 записей для сохранения.
2025-04-15 16:06:29,780 - INFO - Успешно обработано (вставлено или проигнорировано) 2 записей.
2025-04-15 16:06:29,781 - INFO - Успешно обработаны ID: [12, 13]
2025-04-15 16:06:39,852 - INFO - Получен входящий POST запрос на /replicate
2025-04-15 16:06:39,853 - INFO - Получено 3 записей для сохранения.
2025-04-15 16:06:39,859 - INFO - Успешно обработано (вставлено или проигнорировано) 3 записей.
2025-04-15 16:06:39,859 - INFO - Успешно обработаны ID: [19, 20, 21]
2025-04-15 16:06:49,937 - INFO - Получен входящий POST запрос на /replicate
2025-04-15 16:06:49,937 - INFO - Получено 3 записей для сохранения.
2025-04-15 16:06:49,942 - INFO - Успешно обработано (вставлено или проигнорировано) 3 записей.
2025-04-15 16:06:49,943 - INFO - Успешно обработаны ID: [22, 23, 25]
2025-04-15 16:07:00,014 - INFO - Получен входящий POST запрос на /replicate
2025-04-15 16:07:00,014 - INFO - Получено 3 записей для сохранения.
2025-04-15 16:07:00,020 - INFO - Успешно обработано (вставлено или проигнорировано) 3 записей.
2025-04-15 16:07:00,020 - INFO - Успешно обработаны ID: [27, 28, 31]
2025-04-15 16:07:10,089 - INFO - Получен входящий POST запрос на /replicate
2025-04-15 16:07:10,090 - INFO - Получено 2 записей для сохранения.
2025-04-15 16:07:10,096 - INFO - Успешно обработано (вставлено или проигнорировано) 2 записей.
2025-04-15 16:07:10,097 - INFO - Успешно обработаны ID: [32, 34]
2025-04-15 16:07:20,165 - INFO - Получен входящий POST запрос на /replicate
2025-04-15 16:07:20,166 - INFO - Получено 2 записей для сохранения.
2025-04-15 16:07:20,173 - INFO - Успешно обработано (вставлено или проигнорировано) 2 записей.
2025-04-15 16:07:20,173 - INFO - Успешно обработаны ID: [37, 39]
2025-04-15 16:07:30,247 - INFO - Получен входящий POST запрос на /replicate
2025-04-15 16:07:30,248 - INFO - Получено 1 записей для сохранения.
2025-04-15 16:07:30,254 - INFO - Успешно обработано (вставлено или проигнорировано) 1 записей.
2025-04-15 16:07:30,255 - INFO - Успешно обработаны ID: [44]
2025-04-15 16:07:40,318 - INFO - Получен входящий POST запрос на /replicate
2025-04-15 16:07:40,319 - INFO - Получено 3 записей для сохранения.
2025-04-15 16:07:40,327 - INFO - Успешно обработано (вставлено или проигнорировано) 3 записей.
2025-04-15 16:07:40,327 - INFO - Успешно обработаны ID: [47, 48, 50]
2025-04-15 16:07:50,409 - INFO - Получен входящий POST запрос на /replicate
2025-04-15 16:07:50,409 - INFO - Получено 2 записей для сохранения.
2025-04-15 16:07:50,417 - INFO - Успешно обработано (вставлено или проигнорировано) 2 записей.
2025-04-15 16:07:50,417 - INFO - Успешно обработаны ID: [52, 54]
2025-04-15 16:08:00,478 - INFO - Получен входящий POST запрос на /replicate
2025-04-15 16:08:00,479 - INFO - Получено 1 записей для сохранения.
2025-04-15 16:08:00,485 - INFO - Успешно обработано (вставлено или проигнорировано) 1 записей.
2025-04-15 16:08:00,485 - INFO - Успешно обработаны ID: [57]
2025-04-15 16:08:10,546 - INFO - Получен входящий POST запрос на /replicate
2025-04-15 16:08:10,547 - INFO - Получено 3 записей для сохранения.
2025-04-15 16:08:10,553 - INFO - Успешно обработано (вставлено или проигнорировано) 3 записей.
2025-04-15 16:08:10,553 - INFO - Успешно обработаны ID: [64, 65, 66]
2025-04-15 16:08:20,603 - INFO - Получен входящий POST запрос на /replicate
2025-04-15 16:08:20,603 - INFO - Получено 3 записей для сохранения.
2025-04-15 16:08:20,609 - INFO - Успешно обработано (вставлено или проигнорировано) 3 записей.
2025-04-15 16:08:20,610 - INFO - Успешно обработаны ID: [67, 69, 71]
2025-04-15 16:08:30,652 - INFO - Получен входящий POST запрос на /replicate
2025-04-15 16:08:30,653 - INFO - Получено 4 записей для сохранения.
2025-04-15 16:08:30,660 - INFO - Успешно обработано (вставлено или проигнорировано) 4 записей.
2025-04-15 16:08:30,661 - INFO - Успешно обработаны ID: [72, 73, 74, 76]
2025-04-15 16:08:40,736 - INFO - Получен входящий POST запрос на /replicate
2025-04-15 16:08:40,736 - INFO - Получено 2 записей для сохранения.
2025-04-15 16:08:40,744 - INFO - Успешно обработано (вставлено или проигнорировано) 2 записей.
2025-04-15 16:08:40,745 - INFO - Успешно обработаны ID: [79, 80]
2025-04-15 16:08:50,819 - INFO - Получен входящий POST запрос на /replicate
2025-04-15 16:08:50,819 - INFO - Получено 4 записей для сохранения.
2025-04-15 16:08:50,825 - INFO - Успешно обработано (вставлено или проигнорировано) 4 записей.
2025-04-15 16:08:50,825 - INFO - Успешно обработаны ID: [82, 83, 84, 86]
2025-04-15 16:09:00,882 - INFO - Получен входящий POST запрос на /replicate
2025-04-15 16:09:00,883 - INFO - Получено 1 записей для сохранения.
2025-04-15 16:09:00,888 - INFO - Успешно обработано (вставлено или проигнорировано) 1 записей.
2025-04-15 16:09:00,889 - INFO - Успешно обработаны ID: [91]
2025-04-15 16:09:50,490 - INFO - Логгер для порта 5001 настроен, лог в territorial_api_5001.log
2025-04-15 16:09:50,490 - INFO - Проверка и настройка структуры БД: territorial1_db.sqlite...
2025-04-15 16:09:50,502 - INFO - Таблица 'telemetry' в territorial1_db.sqlite готова.
2025-04-15 16:09:50,503 - INFO - Запуск API на порту 5001 для работы с БД territorial1_db.sqlite
2025-04-15 16:10:09,703 - INFO - Получен входящий POST запрос на /replicate
2025-04-15 16:10:09,704 - INFO - Получено 2 записей для сохранения.
2025-04-15 16:10:09,708 - INFO - Успешно обработано (вставлено или проигнорировано) 2 записей.
2025-04-15 16:10:09,709 - INFO - Успешно обработаны ID: [3, 4]
2025-04-15 16:10:19,780 - INFO - Получен входящий POST запрос на /replicate
2025-04-15 16:10:19,781 - INFO - Получено 5 записей для сохранения.
2025-04-15 16:10:19,786 - INFO - Успешно обработано (вставлено или проигнорировано) 5 записей.
2025-04-15 16:10:19,787 - INFO - Успешно обработаны ID: [6, 9, 10, 12, 15]
2025-04-15 16:10:29,840 - INFO - Получен входящий POST запрос на /replicate
2025-04-15 16:10:29,841 - INFO - Получено 2 записей для сохранения.
2025-04-15 16:10:29,846 - INFO - Успешно обработано (вставлено или проигнорировано) 2 записей.
2025-04-15 16:10:29,847 - INFO - Успешно обработаны ID: [16, 18]
2025-04-15 16:10:39,912 - INFO - Получен входящий POST запрос на /replicate
2025-04-15 16:10:39,912 - INFO - Получено 1 записей для сохранения.
2025-04-15 16:10:39,919 - INFO - Успешно обработано (вставлено или проигнорировано) 1 записей.
2025-04-15 16:10:39,919 - INFO - Успешно обработаны ID: [24]
2025-04-15 16:10:49,985 - INFO - Получен входящий POST запрос на /replicate
2025-04-15 16:10:49,989 - INFO - Получено 1 записей для сохранения.
2025-04-15 16:10:49,997 - INFO - Успешно обработано (вставлено или проигнорировано) 1 записей.
2025-04-15 16:10:49,998 - INFO - Успешно обработаны ID: [27]
2025-04-15 16:11:00,101 - INFO - Получен входящий POST запрос на /replicate
2025-04-15 16:11:00,101 - INFO - Получено 2 записей для сохранения.
2025-04-15 16:11:00,107 - INFO - Успешно обработано (вставлено или проигнорировано) 2 записей.
2025-04-15 16:11:00,107 - INFO - Успешно обработаны ID: [32, 35]
2025-04-15 16:11:10,139 - INFO - Получен входящий POST запрос на /replicate
2025-04-15 16:11:10,139 - INFO - Получено 3 записей для сохранения.
2025-04-15 16:11:10,144 - INFO - Успешно обработано (вставлено или проигнорировано) 3 записей.
2025-04-15 16:11:10,144 - INFO - Успешно обработаны ID: [36, 37, 40]
2025-04-15 16:11:20,176 - INFO - Получен входящий POST запрос на /replicate
2025-04-15 16:11:20,177 - INFO - Получено 1 записей для сохранения.
2025-04-15 16:11:20,183 - INFO - Успешно обработано (вставлено или проигнорировано) 1 записей.
2025-04-15 16:11:20,183 - INFO - Успешно обработаны ID: [45]
2025-04-15 16:11:30,234 - INFO - Получен входящий POST запрос на /replicate
2025-04-15 16:11:30,235 - INFO - Получено 2 записей для сохранения.
2025-04-15 16:11:30,240 - INFO - Успешно обработано (вставлено или проигнорировано) 2 записей.
2025-04-15 16:11:30,240 - INFO - Успешно обработаны ID: [48, 49]
2025-04-15 16:11:40,294 - INFO - Получен входящий POST запрос на /replicate
2025-04-15 16:11:40,294 - INFO - Получено 2 записей для сохранения.
2025-04-15 16:11:40,300 - INFO - Успешно обработано (вставлено или проигнорировано) 2 записей.
2025-04-15 16:11:40,300 - INFO - Успешно обработаны ID: [52, 53]
2025-04-15 16:11:50,344 - INFO - Получен входящий POST запрос на /replicate
2025-04-15 16:11:50,344 - INFO - Получено 1 записей для сохранения.
2025-04-15 16:11:50,350 - INFO - Успешно обработано (вставлено или проигнорировано) 1 записей.
2025-04-15 16:11:50,350 - INFO - Успешно обработаны ID: [59]
2025-04-15 16:12:00,432 - INFO - Получен входящий POST запрос на /replicate
2025-04-15 16:12:00,433 - INFO - Получено 2 записей для сохранения.
2025-04-15 16:12:00,438 - INFO - Успешно обработано (вставлено или проигнорировано) 2 записей.
2025-04-15 16:12:00,438 - INFO - Успешно обработаны ID: [63, 64]
2025-04-15 16:12:10,517 - INFO - Получен входящий POST запрос на /replicate
2025-04-15 16:12:10,517 - INFO - Получено 4 записей для сохранения.
2025-04-15 16:12:10,524 - INFO - Успешно обработано (вставлено или проигнорировано) 4 записей.
2025-04-15 16:12:10,525 - INFO - Успешно обработаны ID: [66, 67, 69, 70]
2025-04-15 16:12:20,587 - INFO - Получен входящий POST запрос на /replicate
2025-04-15 16:12:20,588 - INFO - Получено 3 записей для сохранения.
2025-04-15 16:12:20,594 - INFO - Успешно обработано (вставлено или проигнорировано) 3 записей.
2025-04-15 16:12:20,594 - INFO - Успешно обработаны ID: [71, 73, 74]
2025-04-15 16:12:30,668 - INFO - Получен входящий POST запрос на /replicate
2025-04-15 16:12:30,669 - INFO - Получено 3 записей для сохранения.
2025-04-15 16:12:30,676 - INFO - Успешно обработано (вставлено или проигнорировано) 3 записей.
2025-04-15 16:12:30,676 - INFO - Успешно обработаны ID: [76, 77, 79]
2025-04-15 16:12:40,748 - INFO - Получен входящий POST запрос на /replicate
2025-04-15 16:12:40,749 - INFO - Получено 3 записей для сохранения.
2025-04-15 16:12:40,756 - INFO - Успешно обработано (вставлено или проигнорировано) 3 записей.
2025-04-15 16:12:40,757 - INFO - Успешно обработаны ID: [81, 83, 85]
2025-04-15 16:12:50,808 - INFO - Получен входящий POST запрос на /replicate
2025-04-15 16:12:50,808 - INFO - Получено 3 записей для сохранения.
2025-04-15 16:12:50,814 - INFO - Успешно обработано (вставлено или проигнорировано) 3 записей.
2025-04-15 16:12:50,814 - INFO - Успешно обработаны ID: [86, 88, 90]
2025-04-15 16:13:00,858 - INFO - Получен входящий POST запрос на /replicate
2025-04-15 16:13:00,858 - INFO - Получено 4 записей для сохранения.
2025-04-15 16:13:00,864 - INFO - Успешно обработано (вставлено или проигнорировано) 4 записей.
2025-04-15 16:13:00,864 - INFO - Успешно обработаны ID: [92, 93, 94, 95]
2025-04-15 16:13:10,917 - INFO - Получен входящий POST запрос на /replicate
2025-04-15 16:13:10,918 - INFO - Получено 1 записей для сохранения.
2025-04-15 16:13:10,923 - INFO - Успешно обработано (вставлено или проигнорировано) 1 записей.
2025-04-15 16:13:10,924 - INFO - Успешно обработаны ID: [97]
2025-04-15 16:13:20,976 - INFO - Получен входящий POST запрос на /replicate
2025-04-15 16:13:20,976 - INFO - Получено 3 записей для сохранения.
2025-04-15 16:13:20,984 - INFO - Успешно обработано (вставлено или проигнорировано) 3 записей.
2025-04-15 16:13:20,985 - INFO - Успешно обработаны ID: [101, 102, 105]
2025-04-15 16:13:41,118 - INFO - Получен входящий POST запрос на /replicate
2025-04-15 16:13:41,118 - INFO - Получено 3 записей для сохранения.
2025-04-15 16:13:41,125 - INFO - Успешно обработано (вставлено или проигнорировано) 3 записей.
2025-04-15 16:13:41,125 - INFO - Успешно обработаны ID: [111, 114, 115]
2025-04-15 16:13:51,179 - INFO - Получен входящий POST запрос на /replicate
2025-04-15 16:13:51,179 - INFO - Получено 3 записей для сохранения.
2025-04-15 16:13:51,184 - INFO - Успешно обработано (вставлено или проигнорировано) 3 записей.
2025-04-15 16:13:51,185 - INFO - Успешно обработаны ID: [116, 117, 119]
2025-04-15 16:14:01,252 - INFO - Получен входящий POST запрос на /replicate
2025-04-15 16:14:01,252 - INFO - Получено 2 записей для сохранения.
2025-04-15 16:14:01,259 - INFO - Успешно обработано (вставлено или проигнорировано) 2 записей.
2025-04-15 16:14:01,259 - INFO - Успешно обработаны ID: [123, 125]
2025-04-15 16:14:11,325 - INFO - Получен входящий POST запрос на /replicate
2025-04-15 16:14:11,325 - INFO - Получено 1 записей для сохранения.
2025-04-15 16:14:11,331 - INFO - Успешно обработано (вставлено или проигнорировано) 1 записей.
2025-04-15 16:14:11,332 - INFO - Успешно обработаны ID: [129]
2025-04-15 16:14:21,395 - INFO - Получен входящий POST запрос на /replicate
2025-04-15 16:14:21,396 - INFO - Получено 4 записей для сохранения.
2025-04-15 16:14:21,404 - INFO - Успешно обработано (вставлено или проигнорировано) 4 записей.
2025-04-15 16:14:21,405 - INFO - Успешно обработаны ID: [131, 132, 134, 135]
2025-04-15 16:14:31,467 - INFO - Получен входящий POST запрос на /replicate
2025-04-15 16:14:31,468 - INFO - Получено 1 записей для сохранения.
2025-04-15 16:14:31,477 - INFO - Успешно обработано (вставлено или проигнорировано) 1 записей.
2025-04-15 16:14:31,477 - INFO - Успешно обработаны ID: [139]
2025-04-15 16:14:41,566 - INFO - Получен входящий POST запрос на /replicate
2025-04-15 16:14:41,567 - INFO - Получено 3 записей для сохранения.
2025-04-15 16:14:41,576 - INFO - Успешно обработано (вставлено или проигнорировано) 3 записей.
2025-04-15 16:14:41,577 - INFO - Успешно обработаны ID: [141, 144, 145]
2025-04-15 16:14:51,673 - INFO - Получен входящий POST запрос на /replicate
2025-04-15 16:14:51,674 - INFO - Получено 2 записей для сохранения.
2025-04-15 16:14:51,683 - INFO - Успешно обработано (вставлено или проигнорировано) 2 записей.
2025-04-15 16:14:51,684 - INFO - Успешно обработаны ID: [147, 150]
2025-04-15 16:15:01,783 - INFO - Получен входящий POST запрос на /replicate
2025-04-15 16:15:01,784 - INFO - Получено 3 записей для сохранения.
2025-04-15 16:15:01,793 - INFO - Успешно обработано (вставлено или проигнорировано) 3 записей.
2025-04-15 16:15:01,794 - INFO - Успешно обработаны ID: [151, 152, 155]
2025-04-15 16:15:11,857 - INFO - Получен входящий POST запрос на /replicate
2025-04-15 16:15:11,857 - INFO - Получено 4 записей для сохранения.
2025-04-15 16:15:11,866 - INFO - Успешно обработано (вставлено или проигнорировано) 4 записей.
2025-04-15 16:15:11,867 - INFO - Успешно обработаны ID: [157, 158, 159, 160]
2025-04-15 16:15:21,957 - INFO - Получен входящий POST запрос на /replicate
2025-04-15 16:15:21,958 - INFO - Получено 2 записей для сохранения.
2025-04-15 16:15:21,966 - INFO - Успешно обработано (вставлено или проигнорировано) 2 записей.
2025-04-15 16:15:21,967 - INFO - Успешно обработаны ID: [163, 164]
2025-04-15 16:15:32,048 - INFO - Получен входящий POST запрос на /replicate
2025-04-15 16:15:32,048 - INFO - Получено 1 записей для сохранения.
2025-04-15 16:15:32,054 - INFO - Успешно обработано (вставлено или проигнорировано) 1 записей.
2025-04-15 16:15:32,055 - INFO - Успешно обработаны ID: [169]
2025-04-15 16:15:42,120 - INFO - Получен входящий POST запрос на /replicate
2025-04-15 16:15:42,124 - INFO - Получено 2 записей для сохранения.
2025-04-15 16:15:42,132 - INFO - Успешно обработано (вставлено или проигнорировано) 2 записей.
2025-04-15 16:15:42,133 - INFO - Успешно обработаны ID: [172, 174]
2025-04-15 16:15:52,226 - INFO - Получен входящий POST запрос на /replicate
2025-04-15 16:15:52,227 - INFO - Получено 1 записей для сохранения.
2025-04-15 16:15:52,232 - INFO - Успешно обработано (вставлено или проигнорировано) 1 записей.
2025-04-15 16:15:52,233 - INFO - Успешно обработаны ID: [178]
2025-04-15 16:16:12,365 - INFO - Получен входящий POST запрос на /replicate
2025-04-15 16:16:12,366 - INFO - Получено 4 записей для сохранения.
2025-04-15 16:16:12,372 - INFO - Успешно обработано (вставлено или проигнорировано) 4 записей.
2025-04-15 16:16:12,373 - INFO - Успешно обработаны ID: [187, 188, 189, 190]
2025-04-15 16:16:22,452 - INFO - Получен входящий POST запрос на /replicate
2025-04-15 16:16:22,453 - INFO - Получено 2 записей для сохранения.
2025-04-15 16:16:22,461 - INFO - Успешно обработано (вставлено или проигнорировано) 2 записей.
2025-04-15 16:16:22,461 - INFO - Успешно обработаны ID: [191, 192]
2025-04-15 16:16:32,532 - INFO - Получен входящий POST запрос на /replicate
2025-04-15 16:16:32,533 - INFO - Получено 2 записей для сохранения.
2025-04-15 16:16:32,540 - INFO - Успешно обработано (вставлено или проигнорировано) 2 записей.
2025-04-15 16:16:32,541 - INFO - Успешно обработаны ID: [198, 199]
2025-04-15 16:16:42,591 - INFO - Получен входящий POST запрос на /replicate
2025-04-15 16:16:42,591 - INFO - Получено 2 записей для сохранения.
2025-04-15 16:16:42,597 - INFO - Успешно обработано (вставлено или проигнорировано) 2 записей.
2025-04-15 16:16:42,597 - INFO - Успешно обработаны ID: [201, 202]
2025-04-15 16:16:52,677 - INFO - Получен входящий POST запрос на /replicate
2025-04-15 16:16:52,678 - INFO - Получено 1 записей для сохранения.
2025-04-15 16:16:52,685 - INFO - Успешно обработано (вставлено или проигнорировано) 1 записей.
2025-04-15 16:16:52,685 - INFO - Успешно обработаны ID: [209]
2025-04-15 16:17:02,770 - INFO - Получен входящий POST запрос на /replicate
2025-04-15 16:17:02,771 - INFO - Получено 2 записей для сохранения.
2025-04-15 16:17:02,778 - INFO - Успешно обработано (вставлено или проигнорировано) 2 записей.
2025-04-15 16:17:02,779 - INFO - Успешно обработаны ID: [211, 215]
2025-04-15 16:17:12,826 - INFO - Получен входящий POST запрос на /replicate
2025-04-15 16:17:12,826 - INFO - Получено 2 записей для сохранения.
2025-04-15 16:17:12,830 - INFO - Успешно обработано (вставлено или проигнорировано) 2 записей.
2025-04-15 16:17:12,831 - INFO - Успешно обработаны ID: [216, 218]
2025-04-15 16:17:22,886 - INFO - Получен входящий POST запрос на /replicate
2025-04-15 16:17:22,888 - INFO - Получено 2 записей для сохранения.
2025-04-15 16:17:22,895 - INFO - Успешно обработано (вставлено или проигнорировано) 2 записей.
2025-04-15 16:17:22,896 - INFO - Успешно обработаны ID: [223, 224]
2025-04-15 16:17:32,959 - INFO - Получен входящий POST запрос на /replicate
2025-04-15 16:17:32,960 - INFO - Получено 2 записей для сохранения.
2025-04-15 16:17:32,969 - INFO - Успешно обработано (вставлено или проигнорировано) 2 записей.
2025-04-15 16:17:32,969 - INFO - Успешно обработаны ID: [228, 229]
2025-04-15 16:17:43,036 - INFO - Получен входящий POST запрос на /replicate
2025-04-15 16:17:43,036 - INFO - Получено 2 записей для сохранения.
2025-04-15 16:17:43,042 - INFO - Успешно обработано (вставлено или проигнорировано) 2 записей.
2025-04-15 16:17:43,043 - INFO - Успешно обработаны ID: [232, 234]
2025-04-15 16:17:53,092 - INFO - Получен входящий POST запрос на /replicate
2025-04-15 16:17:53,093 - INFO - Получено 3 записей для сохранения.
2025-04-15 16:17:53,097 - INFO - Успешно обработано (вставлено или проигнорировано) 3 записей.
2025-04-15 16:17:53,098 - INFO - Успешно обработаны ID: [236, 238, 240]
2025-04-15 16:18:03,154 - INFO - Получен входящий POST запрос на /replicate
2025-04-15 16:18:03,154 - INFO - Получено 1 записей для сохранения.
2025-04-15 16:18:03,160 - INFO - Успешно обработано (вставлено или проигнорировано) 1 записей.
2025-04-15 16:18:03,160 - INFO - Успешно обработаны ID: [241]
2025-04-15 16:18:13,204 - INFO - Получен входящий POST запрос на /replicate
2025-04-15 16:18:13,205 - INFO - Получено 3 записей для сохранения.
2025-04-15 16:18:13,211 - INFO - Успешно обработано (вставлено или проигнорировано) 3 записей.
2025-04-15 16:18:13,211 - INFO - Успешно обработаны ID: [246, 249, 250]
2025-04-15 16:18:23,291 - INFO - Получен входящий POST запрос на /replicate
2025-04-15 16:18:23,293 - INFO - Получено 2 записей для сохранения.
2025-04-15 16:18:23,301 - INFO - Успешно обработано (вставлено или проигнорировано) 2 записей.
2025-04-15 16:18:23,301 - INFO - Успешно обработаны ID: [251, 254]
2025-04-15 16:18:33,369 - INFO - Получен входящий POST запрос на /replicate
2025-04-15 16:18:33,369 - INFO - Получено 3 записей для сохранения.
2025-04-15 16:18:33,377 - INFO - Успешно обработано (вставлено или проигнорировано) 3 записей.
2025-04-15 16:18:33,377 - INFO - Успешно обработаны ID: [256, 258, 260]
2025-04-15 16:18:43,433 - INFO - Получен входящий POST запрос на /replicate
2025-04-15 16:18:43,435 - INFO - Получено 3 записей для сохранения.
2025-04-15 16:18:43,442 - INFO - Успешно обработано (вставлено или проигнорировано) 3 записей.
2025-04-15 16:18:43,442 - INFO - Успешно обработаны ID: [263, 264, 265]
2025-04-15 16:18:53,480 - INFO - Получен входящий POST запрос на /replicate
2025-04-15 16:18:53,481 - INFO - Получено 2 записей для сохранения.
2025-04-15 16:18:53,487 - INFO - Успешно обработано (вставлено или проигнорировано) 2 записей.
2025-04-15 16:18:53,489 - INFO - Успешно обработаны ID: [267, 270]
2025-04-15 16:19:03,552 - INFO - Получен входящий POST запрос на /replicate
2025-04-15 16:19:03,553 - INFO - Получено 2 записей для сохранения.
2025-04-15 16:19:03,561 - INFO - Успешно обработано (вставлено или проигнорировано) 2 записей.
2025-04-15 16:19:03,562 - INFO - Успешно обработаны ID: [271, 274]
2025-04-15 16:19:13,630 - INFO - Получен входящий POST запрос на /replicate
2025-04-15 16:19:13,630 - INFO - Получено 1 записей для сохранения.
2025-04-15 16:19:13,638 - INFO - Успешно обработано (вставлено или проигнорировано) 1 записей.
2025-04-15 16:19:13,639 - INFO - Успешно обработаны ID: [279]
2025-04-15 16:19:23,699 - INFO - Получен входящий POST запрос на /replicate
2025-04-15 16:19:23,699 - INFO - Получено 2 записей для сохранения.
2025-04-15 16:19:23,707 - INFO - Успешно обработано (вставлено или проигнорировано) 2 записей.
2025-04-15 16:19:23,708 - INFO - Успешно обработаны ID: [281, 285]
2025-04-15 16:19:33,782 - INFO - Получен входящий POST запрос на /replicate
2025-04-15 16:19:33,783 - INFO - Получено 3 записей для сохранения.
2025-04-15 16:19:33,790 - INFO - Успешно обработано (вставлено или проигнорировано) 3 записей.
2025-04-15 16:19:33,791 - INFO - Успешно обработаны ID: [287, 289, 290]
2025-04-15 16:19:43,857 - INFO - Получен входящий POST запрос на /replicate
2025-04-15 16:19:43,857 - INFO - Получено 3 записей для сохранения.
2025-04-15 16:19:43,864 - INFO - Успешно обработано (вставлено или проигнорировано) 3 записей.
2025-04-15 16:19:43,866 - INFO - Успешно обработаны ID: [291, 293, 295]
2025-04-15 16:19:53,910 - INFO - Получен входящий POST запрос на /replicate
2025-04-15 16:19:53,912 - INFO - Получено 2 записей для сохранения.
2025-04-15 16:19:53,918 - INFO - Успешно обработано (вставлено или проигнорировано) 2 записей.
2025-04-15 16:19:53,918 - INFO - Успешно обработаны ID: [296, 300]
2025-04-15 16:20:03,988 - INFO - Получен входящий POST запрос на /replicate
2025-04-15 16:20:03,988 - INFO - Получено 1 записей для сохранения.
2025-04-15 16:20:03,995 - INFO - Успешно обработано (вставлено или проигнорировано) 1 записей.
2025-04-15 16:20:03,995 - INFO - Успешно обработаны ID: [301]
2025-04-15 16:20:14,054 - INFO - Получен входящий POST запрос на /replicate
2025-04-15 16:20:14,054 - INFO - Получено 3 записей для сохранения.
2025-04-15 16:20:14,061 - INFO - Успешно обработано (вставлено или проигнорировано) 3 записей.
2025-04-15 16:20:14,062 - INFO - Успешно обработаны ID: [308, 309, 310]
2025-04-15 16:20:24,123 - INFO - Получен входящий POST запрос на /replicate
2025-04-15 16:20:24,124 - INFO - Получено 3 записей для сохранения.
2025-04-15 16:20:24,129 - INFO - Успешно обработано (вставлено или проигнорировано) 3 записей.
2025-04-15 16:20:24,129 - INFO - Успешно обработаны ID: [311, 312, 313]
2025-04-15 16:20:34,179 - INFO - Получен входящий POST запрос на /replicate
2025-04-15 16:20:34,179 - INFO - Получено 2 записей для сохранения.
2025-04-15 16:20:34,184 - INFO - Успешно обработано (вставлено или проигнорировано) 2 записей.
2025-04-15 16:20:34,184 - INFO - Успешно обработаны ID: [316, 317]
2025-04-15 16:20:44,260 - INFO - Получен входящий POST запрос на /replicate
2025-04-15 16:20:44,261 - INFO - Получено 4 записей для сохранения.
2025-04-15 16:20:44,267 - INFO - Успешно обработано (вставлено или проигнорировано) 4 записей.
2025-04-15 16:20:44,268 - INFO - Успешно обработаны ID: [321, 322, 323, 325]
2025-04-15 16:20:54,352 - INFO - Получен входящий POST запрос на /replicate
2025-04-15 16:20:54,352 - INFO - Получено 3 записей для сохранения.
2025-04-15 16:20:54,359 - INFO - Успешно обработано (вставлено или проигнорировано) 3 записей.
2025-04-15 16:20:54,359 - INFO - Успешно обработаны ID: [326, 327, 329]
2025-04-15 16:21:04,431 - INFO - Получен входящий POST запрос на /replicate
2025-04-15 16:21:04,431 - INFO - Получено 1 записей для сохранения.
2025-04-15 16:21:04,438 - INFO - Успешно обработано (вставлено или проигнорировано) 1 записей.
2025-04-15 16:21:04,439 - INFO - Успешно обработаны ID: [332]
2025-04-15 16:21:14,507 - INFO - Получен входящий POST запрос на /replicate
2025-04-15 16:21:14,508 - INFO - Получено 3 записей для сохранения.
2025-04-15 16:21:14,514 - INFO - Успешно обработано (вставлено или проигнорировано) 3 записей.
2025-04-15 16:21:14,515 - INFO - Успешно обработаны ID: [338, 339, 340]
2025-04-15 16:21:24,584 - INFO - Получен входящий POST запрос на /replicate
2025-04-15 16:21:24,585 - INFO - Получено 4 записей для сохранения.
2025-04-15 16:21:24,592 - INFO - Успешно обработано (вставлено или проигнорировано) 4 записей.
2025-04-15 16:21:24,592 - INFO - Успешно обработаны ID: [341, 343, 344, 345]
2025-04-15 16:21:34,649 - INFO - Получен входящий POST запрос на /replicate
2025-04-15 16:21:34,650 - INFO - Получено 2 записей для сохранения.
2025-04-15 16:21:34,654 - INFO - Успешно обработано (вставлено или проигнорировано) 2 записей.
2025-04-15 16:21:34,654 - INFO - Успешно обработаны ID: [349, 350]
2025-04-15 16:21:44,712 - INFO - Получен входящий POST запрос на /replicate
2025-04-15 16:21:44,713 - INFO - Получено 1 записей для сохранения.
2025-04-15 16:21:44,721 - INFO - Успешно обработано (вставлено или проигнорировано) 1 записей.
2025-04-15 16:21:44,721 - INFO - Успешно обработаны ID: [355]
2025-04-15 16:22:14,924 - INFO - Получен входящий POST запрос на /replicate
2025-04-15 16:22:14,925 - INFO - Получено 5 записей для сохранения.
2025-04-15 16:22:14,932 - INFO - Успешно обработано (вставлено или проигнорировано) 5 записей.
2025-04-15 16:22:14,932 - INFO - Успешно обработаны ID: [366, 367, 368, 369, 370]
2025-04-15 16:22:24,965 - INFO - Получен входящий POST запрос на /replicate
2025-04-15 16:22:24,966 - INFO - Получено 1 записей для сохранения.
2025-04-15 16:22:24,972 - INFO - Успешно обработано (вставлено или проигнорировано) 1 записей.
2025-04-15 16:22:24,973 - INFO - Успешно обработаны ID: [375]
2025-04-15 16:22:35,024 - INFO - Получен входящий POST запрос на /replicate
2025-04-15 16:22:35,025 - INFO - Получено 3 записей для сохранения.
2025-04-15 16:22:35,031 - INFO - Успешно обработано (вставлено или проигнорировано) 3 записей.
2025-04-15 16:22:35,031 - INFO - Успешно обработаны ID: [376, 377, 379]
2025-04-15 16:22:49,251 - INFO - Получен входящий POST запрос на /replicate
2025-04-15 16:22:49,252 - INFO - Получено 4 записей для сохранения.
2025-04-15 16:22:49,255 - INFO - Успешно обработано (вставлено или проигнорировано) 4 записей.
2025-04-15 16:22:49,255 - INFO - Успешно обработаны ID: [381, 382, 384, 385]
2025-04-15 16:22:59,312 - INFO - Получен входящий POST запрос на /replicate
2025-04-15 16:22:59,313 - INFO - Получено 5 записей для сохранения.
2025-04-15 16:22:59,319 - INFO - Успешно обработано (вставлено или проигнорировано) 5 записей.
2025-04-15 16:22:59,320 - INFO - Успешно обработаны ID: [386, 387, 388, 389, 390]
2025-04-15 16:23:09,389 - INFO - Получен входящий POST запрос на /replicate
2025-04-15 16:23:09,390 - INFO - Получено 5 записей для сохранения.
2025-04-15 16:23:09,397 - INFO - Успешно обработано (вставлено или проигнорировано) 5 записей.
2025-04-15 16:23:09,398 - INFO - Успешно обработаны ID: [396, 397, 398, 399, 400]
2025-04-15 16:23:19,471 - INFO - Получен входящий POST запрос на /replicate
2025-04-15 16:23:19,473 - INFO - Получено 5 записей для сохранения.
2025-04-15 16:23:19,479 - INFO - Успешно обработано (вставлено или проигнорировано) 5 записей.
2025-04-15 16:23:19,479 - INFO - Успешно обработаны ID: [406, 407, 408, 409, 410]
2025-04-15 16:23:29,552 - INFO - Получен входящий POST запрос на /replicate
2025-04-15 16:23:29,552 - INFO - Получено 5 записей для сохранения.
2025-04-15 16:23:29,558 - INFO - Успешно обработано (вставлено или проигнорировано) 5 записей.
2025-04-15 16:23:29,559 - INFO - Успешно обработаны ID: [416, 417, 418, 419, 420]
2025-04-15 16:23:39,587 - INFO - Получен входящий POST запрос на /replicate
2025-04-15 16:23:39,587 - INFO - Получено 5 записей для сохранения.
2025-04-15 16:23:39,591 - INFO - Успешно обработано (вставлено или проигнорировано) 5 записей.
2025-04-15 16:23:39,591 - INFO - Успешно обработаны ID: [426, 427, 428, 429, 430]
2025-04-15 16:23:49,657 - INFO - Получен входящий POST запрос на /replicate
2025-04-15 16:23:49,658 - INFO - Получено 5 записей для сохранения.
2025-04-15 16:23:49,662 - INFO - Успешно обработано (вставлено или проигнорировано) 5 записей.
2025-04-15 16:23:49,663 - INFO - Успешно обработаны ID: [436, 437, 438, 439, 440]
2025-04-15 16:23:59,743 - INFO - Получен входящий POST запрос на /replicate
2025-04-15 16:23:59,744 - INFO - Получено 5 записей для сохранения.
2025-04-15 16:23:59,752 - INFO - Успешно обработано (вставлено или проигнорировано) 5 записей.
2025-04-15 16:23:59,752 - INFO - Успешно обработаны ID: [446, 447, 448, 449, 450]
2025-04-15 16:24:09,833 - INFO - Получен входящий POST запрос на /replicate
2025-04-15 16:24:09,834 - INFO - Получено 5 записей для сохранения.
2025-04-15 16:24:09,840 - INFO - Успешно обработано (вставлено или проигнорировано) 5 записей.
2025-04-15 16:24:09,840 - INFO - Успешно обработаны ID: [456, 457, 458, 459, 460]
2025-04-15 16:24:19,909 - INFO - Получен входящий POST запрос на /replicate
2025-04-15 16:24:19,910 - INFO - Получено 5 записей для сохранения.
2025-04-15 16:24:19,916 - INFO - Успешно обработано (вставлено или проигнорировано) 5 записей.
2025-04-15 16:24:19,917 - INFO - Успешно обработаны ID: [466, 467, 468, 469, 470]
2025-04-15 16:24:29,963 - INFO - Получен входящий POST запрос на /replicate
2025-04-15 16:24:29,963 - INFO - Получено 5 записей для сохранения.
2025-04-15 16:24:29,967 - INFO - Успешно обработано (вставлено или проигнорировано) 5 записей.
2025-04-15 16:24:29,967 - INFO - Успешно обработаны ID: [476, 477, 478, 479, 480]
2025-04-16 10:05:19,339 - INFO - Логгер для порта 5001 настроен, лог в territorial_api_5001.log
2025-04-16 10:05:19,339 - INFO - Проверка и настройка структуры БД: territorial1_db.sqlite...
2025-04-16 10:05:19,370 - INFO - Таблица 'telemetry' в territorial1_db.sqlite готова.
2025-04-16 10:05:19,370 - INFO - Запуск API на порту 5001 для работы с БД territorial1_db.sqlite
2025-04-16 10:08:00,107 - INFO - Получен входящий POST запрос на /replicate
2025-04-16 10:08:00,108 - INFO - Получено 5 записей для сохранения.
2025-04-16 10:08:11,072 - ERROR - Критическая ошибка во время сохранения данных в territorial1_db.sqlite. Откат транзакции.
Traceback (most recent call last):
  File "D:\6sem_BSTU\RIS\Lab6\territorial_client.py", line 121, in save_replicated_data
    conn.commit()
sqlite3.OperationalError: database is locked
2025-04-16 10:08:11,072 - ERROR - Ошибка при сохранении данных: Internal server error during database operation: database is locked
2025-04-16 10:08:32,044 - INFO - Получен входящий POST запрос на /replicate
2025-04-16 10:08:32,044 - INFO - Получено 5 записей для сохранения.
2025-04-16 10:08:42,945 - ERROR - Критическая ошибка во время сохранения данных в territorial1_db.sqlite. Откат транзакции.
Traceback (most recent call last):
  File "D:\6sem_BSTU\RIS\Lab6\territorial_client.py", line 121, in save_replicated_data
    conn.commit()
sqlite3.OperationalError: database is locked
2025-04-16 10:08:42,946 - ERROR - Ошибка при сохранении данных: Internal server error during database operation: database is locked
2025-04-16 10:09:04,006 - INFO - Получен входящий POST запрос на /replicate
2025-04-16 10:09:04,007 - INFO - Получено 5 записей для сохранения.
2025-04-16 10:09:15,176 - ERROR - Критическая ошибка во время сохранения данных в territorial1_db.sqlite. Откат транзакции.
Traceback (most recent call last):
  File "D:\6sem_BSTU\RIS\Lab6\territorial_client.py", line 121, in save_replicated_data
    conn.commit()
sqlite3.OperationalError: database is locked
2025-04-16 10:09:15,177 - ERROR - Ошибка при сохранении данных: Internal server error during database operation: database is locked
2025-04-16 10:09:36,278 - INFO - Получен входящий POST запрос на /replicate
2025-04-16 10:09:36,278 - INFO - Получено 5 записей для сохранения.
2025-04-16 10:09:47,282 - ERROR - Критическая ошибка во время сохранения данных в territorial1_db.sqlite. Откат транзакции.
Traceback (most recent call last):
  File "D:\6sem_BSTU\RIS\Lab6\territorial_client.py", line 121, in save_replicated_data
    conn.commit()
sqlite3.OperationalError: database is locked
2025-04-16 10:09:47,282 - ERROR - Ошибка при сохранении данных: Internal server error during database operation: database is locked
2025-04-16 10:10:08,348 - INFO - Получен входящий POST запрос на /replicate
2025-04-16 10:10:08,349 - INFO - Получено 5 записей для сохранения.
2025-04-16 10:10:19,406 - ERROR - Критическая ошибка во время сохранения данных в territorial1_db.sqlite. Откат транзакции.
Traceback (most recent call last):
  File "D:\6sem_BSTU\RIS\Lab6\territorial_client.py", line 121, in save_replicated_data
    conn.commit()
sqlite3.OperationalError: database is locked
2025-04-16 10:10:19,406 - ERROR - Ошибка при сохранении данных: Internal server error during database operation: database is locked
2025-04-16 10:10:40,500 - INFO - Получен входящий POST запрос на /replicate
2025-04-16 10:10:40,502 - INFO - Получено 5 записей для сохранения.
2025-04-16 10:10:51,528 - ERROR - Критическая ошибка во время сохранения данных в territorial1_db.sqlite. Откат транзакции.
Traceback (most recent call last):
  File "D:\6sem_BSTU\RIS\Lab6\territorial_client.py", line 121, in save_replicated_data
    conn.commit()
sqlite3.OperationalError: database is locked
2025-04-16 10:10:51,528 - ERROR - Ошибка при сохранении данных: Internal server error during database operation: database is locked
2025-04-16 10:11:12,460 - INFO - Получен входящий POST запрос на /replicate
2025-04-16 10:11:12,460 - INFO - Получено 5 записей для сохранения.
2025-04-16 10:11:23,276 - ERROR - Критическая ошибка во время сохранения данных в territorial1_db.sqlite. Откат транзакции.
Traceback (most recent call last):
  File "D:\6sem_BSTU\RIS\Lab6\territorial_client.py", line 121, in save_replicated_data
    conn.commit()
sqlite3.OperationalError: database is locked
2025-04-16 10:11:23,276 - ERROR - Ошибка при сохранении данных: Internal server error during database operation: database is locked
2025-04-16 10:17:59,260 - INFO - Логгер для порта 5001 настроен, лог в territorial_api_5001.log
2025-04-16 10:17:59,260 - INFO - Проверка и настройка структуры БД: territorial1_db.sqlite...
2025-04-16 10:17:59,265 - INFO - Таблица 'telemetry' в territorial1_db.sqlite готова.
2025-04-16 10:17:59,266 - INFO - Запуск API на порту 5001 для работы с БД territorial1_db.sqlite
2025-04-16 10:18:18,704 - INFO - Получен входящий POST запрос на /replicate
2025-04-16 10:18:18,705 - INFO - Получено 5 записей для сохранения.
2025-04-16 10:18:18,711 - INFO - Успешно обработано (вставлено или проигнорировано) 5 записей.
2025-04-16 10:18:18,711 - INFO - Успешно обработаны ID: [1, 2, 3, 4, 5]
2025-04-16 10:18:28,777 - INFO - Получен входящий POST запрос на /replicate
2025-04-16 10:18:28,778 - INFO - Получено 5 записей для сохранения.
2025-04-16 10:18:28,785 - INFO - Успешно обработано (вставлено или проигнорировано) 5 записей.
2025-04-16 10:18:28,785 - INFO - Успешно обработаны ID: [11, 12, 13, 14, 15]
2025-04-16 10:18:38,847 - INFO - Получен входящий POST запрос на /replicate
2025-04-16 10:18:38,848 - INFO - Получено 5 записей для сохранения.
2025-04-16 10:18:49,895 - ERROR - Критическая ошибка во время сохранения данных в territorial1_db.sqlite. Откат транзакции.
Traceback (most recent call last):
  File "D:\6sem_BSTU\RIS\Lab6\territorial_client.py", line 121, in save_replicated_data
    conn.commit()
sqlite3.OperationalError: database is locked
2025-04-16 10:18:49,896 - ERROR - Ошибка при сохранении данных: Internal server error during database operation: database is locked
2025-04-16 10:18:59,950 - INFO - Получен входящий POST запрос на /replicate
2025-04-16 10:18:59,951 - INFO - Получено 5 записей для сохранения.
2025-04-16 10:19:10,984 - ERROR - Критическая ошибка во время сохранения данных в territorial1_db.sqlite. Откат транзакции.
Traceback (most recent call last):
  File "D:\6sem_BSTU\RIS\Lab6\territorial_client.py", line 121, in save_replicated_data
    conn.commit()
sqlite3.OperationalError: database is locked
2025-04-16 10:19:10,985 - ERROR - Ошибка при сохранении данных: Internal server error during database operation: database is locked
2025-04-16 10:19:32,081 - INFO - Получен входящий POST запрос на /replicate
2025-04-16 10:19:32,082 - INFO - Получено 5 записей для сохранения.
2025-04-16 10:19:43,082 - ERROR - Критическая ошибка во время сохранения данных в territorial1_db.sqlite. Откат транзакции.
Traceback (most recent call last):
  File "D:\6sem_BSTU\RIS\Lab6\territorial_client.py", line 121, in save_replicated_data
    conn.commit()
sqlite3.OperationalError: database is locked
2025-04-16 10:19:43,084 - ERROR - Ошибка при сохранении данных: Internal server error during database operation: database is locked
2025-04-16 10:20:04,186 - INFO - Получен входящий POST запрос на /replicate
2025-04-16 10:20:04,187 - INFO - Получено 5 записей для сохранения.
2025-04-16 10:20:15,212 - ERROR - Критическая ошибка во время сохранения данных в territorial1_db.sqlite. Откат транзакции.
Traceback (most recent call last):
  File "D:\6sem_BSTU\RIS\Lab6\territorial_client.py", line 121, in save_replicated_data
    conn.commit()
sqlite3.OperationalError: database is locked
2025-04-16 10:20:15,215 - ERROR - Ошибка при сохранении данных: Internal server error during database operation: database is locked
2025-04-16 10:49:26,251 - INFO - Логгер для порта 5001 настроен, лог в territorial_api_5001.log
2025-04-16 10:49:26,251 - INFO - Проверка и настройка структуры БД: territorial1_db.sqlite...
2025-04-16 10:49:26,257 - INFO - Таблица 'telemetry' в territorial1_db.sqlite готова.
2025-04-16 10:49:26,257 - INFO - Запуск API на порту 5001 для работы с БД territorial1_db.sqlite
2025-04-16 10:49:39,801 - INFO - Получен входящий POST запрос на /replicate
2025-04-16 10:49:39,802 - INFO - Получено 5 записей для сохранения.
2025-04-16 10:49:39,808 - INFO - Успешно обработано (вставлено или проигнорировано) 5 записей.
2025-04-16 10:49:39,809 - INFO - Успешно обработаны ID: [1, 2, 3, 4, 5]
2025-04-16 10:49:49,863 - INFO - Получен входящий POST запрос на /replicate
2025-04-16 10:49:49,864 - INFO - Получено 5 записей для сохранения.
2025-04-16 10:49:49,871 - INFO - Успешно обработано (вставлено или проигнорировано) 5 записей.
2025-04-16 10:49:49,872 - INFO - Успешно обработаны ID: [11, 12, 13, 14, 15]
2025-04-16 10:49:59,933 - INFO - Получен входящий POST запрос на /replicate
2025-04-16 10:49:59,934 - INFO - Получено 5 записей для сохранения.
2025-04-16 10:49:59,938 - INFO - Успешно обработано (вставлено или проигнорировано) 5 записей.
2025-04-16 10:49:59,939 - INFO - Успешно обработаны ID: [21, 22, 23, 24, 25]
2025-04-16 10:50:10,007 - INFO - Получен входящий POST запрос на /replicate
2025-04-16 10:50:10,007 - INFO - Получено 5 записей для сохранения.
2025-04-16 10:50:20,993 - ERROR - Критическая ошибка во время сохранения данных в territorial1_db.sqlite. Откат транзакции.
Traceback (most recent call last):
  File "D:\6sem_BSTU\RIS\Lab6\territorial_client.py", line 121, in save_replicated_data
    conn.commit()
sqlite3.OperationalError: database is locked
2025-04-16 10:50:20,997 - ERROR - Ошибка при сохранении данных: Internal server error during database operation: database is locked
2025-04-16 10:50:31,062 - INFO - Получен входящий POST запрос на /replicate
2025-04-16 10:50:31,063 - INFO - Получено 5 записей для сохранения.
2025-04-16 10:50:42,041 - ERROR - Критическая ошибка во время сохранения данных в territorial1_db.sqlite. Откат транзакции.
Traceback (most recent call last):
  File "D:\6sem_BSTU\RIS\Lab6\territorial_client.py", line 121, in save_replicated_data
    conn.commit()
sqlite3.OperationalError: database is locked
2025-04-16 10:50:42,044 - ERROR - Ошибка при сохранении данных: Internal server error during database operation: database is locked
2025-04-16 10:50:52,121 - INFO - Получен входящий POST запрос на /replicate
2025-04-16 10:50:52,122 - INFO - Получено 5 записей для сохранения.
2025-04-16 10:51:03,136 - ERROR - Критическая ошибка во время сохранения данных в territorial1_db.sqlite. Откат транзакции.
Traceback (most recent call last):
  File "D:\6sem_BSTU\RIS\Lab6\territorial_client.py", line 121, in save_replicated_data
    conn.commit()
sqlite3.OperationalError: database is locked
2025-04-16 10:51:03,137 - ERROR - Ошибка при сохранении данных: Internal server error during database operation: database is locked
2025-04-16 11:13:48,148 - INFO - Логгер для порта 5001 настроен, лог в territorial_api_5001.log
2025-04-16 11:13:48,148 - INFO - Проверка и настройка структуры БД: territorial1_db.sqlite...
2025-04-16 11:13:48,154 - INFO - Таблица 'telemetry' в territorial1_db.sqlite готова.
2025-04-16 11:13:48,155 - INFO - Запуск API на порту 5001 для работы с БД territorial1_db.sqlite
2025-04-16 11:14:49,208 - INFO - Получен входящий POST запрос на /replicate
2025-04-16 11:14:49,208 - INFO - Получено 5 записей для сохранения.
2025-04-16 11:14:49,208 - INFO - Успешно обработано (вставлено или проигнорировано) 5 записей.
2025-04-16 11:14:49,208 - INFO - Успешно обработаны ID: [1, 2, 3, 4, 5]
2025-04-16 11:14:59,269 - INFO - Получен входящий POST запрос на /replicate
2025-04-16 11:14:59,269 - INFO - Получено 5 записей для сохранения.
2025-04-16 11:14:59,269 - INFO - Успешно обработано (вставлено или проигнорировано) 5 записей.
2025-04-16 11:14:59,269 - INFO - Успешно обработаны ID: [11, 12, 13, 14, 15]
2025-04-16 11:15:09,328 - INFO - Получен входящий POST запрос на /replicate
2025-04-16 11:15:09,328 - INFO - Получено 5 записей для сохранения.
2025-04-16 11:15:09,328 - INFO - Успешно обработано (вставлено или проигнорировано) 5 записей.
2025-04-16 11:15:09,328 - INFO - Успешно обработаны ID: [21, 22, 23, 24, 25]
2025-04-16 11:15:19,374 - INFO - Получен входящий POST запрос на /replicate
2025-04-16 11:15:19,374 - INFO - Получено 5 записей для сохранения.
2025-04-16 11:15:30,013 - ERROR - Критическая ошибка во время сохранения данных в territorial1_db.sqlite. Откат транзакции.
Traceback (most recent call last):
  File "D:\6sem_BSTU\RIS\Lab6\territorial_client.py", line 121, in save_replicated_data
    conn.commit()
sqlite3.OperationalError: database is locked
2025-04-16 11:15:30,013 - ERROR - Ошибка при сохранении данных: Internal server error during database operation: database is locked
2025-04-16 11:15:40,059 - INFO - Получен входящий POST запрос на /replicate
2025-04-16 11:15:40,059 - INFO - Получено 5 записей для сохранения.
2025-04-16 11:15:50,629 - ERROR - Критическая ошибка во время сохранения данных в territorial1_db.sqlite. Откат транзакции.
Traceback (most recent call last):
  File "D:\6sem_BSTU\RIS\Lab6\territorial_client.py", line 121, in save_replicated_data
    conn.commit()
sqlite3.OperationalError: database is locked
2025-04-16 11:15:50,629 - ERROR - Ошибка при сохранении данных: Internal server error during database operation: database is locked
2025-04-16 11:16:58,761 - INFO - Логгер для порта 5001 настроен, лог в territorial_api_5001.log
2025-04-16 11:16:58,761 - INFO - Проверка и настройка структуры БД: territorial1_db.sqlite...
2025-04-16 11:16:58,767 - INFO - Таблица 'telemetry' в territorial1_db.sqlite готова.
2025-04-16 11:16:58,768 - INFO - Запуск API на порту 5001 для работы с БД territorial1_db.sqlite
2025-04-16 11:17:02,218 - INFO - Получен входящий POST запрос на /replicate
2025-04-16 11:17:02,219 - INFO - Получено 5 записей для сохранения.
2025-04-16 11:17:02,224 - INFO - Успешно обработано (вставлено или проигнорировано) 5 записей.
2025-04-16 11:17:02,224 - INFO - Успешно обработаны ID: [1, 2, 3, 4, 5]
2025-04-16 11:17:12,275 - INFO - Получен входящий POST запрос на /replicate
2025-04-16 11:17:12,276 - INFO - Получено 5 записей для сохранения.
2025-04-16 11:17:12,284 - INFO - Успешно обработано (вставлено или проигнорировано) 5 записей.
2025-04-16 11:17:12,284 - INFO - Успешно обработаны ID: [11, 12, 13, 14, 15]
2025-04-16 11:17:22,349 - INFO - Получен входящий POST запрос на /replicate
2025-04-16 11:17:22,349 - INFO - Получено 5 записей для сохранения.
2025-04-16 11:17:22,357 - INFO - Успешно обработано (вставлено или проигнорировано) 5 записей.
2025-04-16 11:17:22,357 - INFO - Успешно обработаны ID: [21, 22, 23, 24, 25]
2025-04-16 11:17:32,423 - INFO - Получен входящий POST запрос на /replicate
2025-04-16 11:17:32,424 - INFO - Получено 5 записей для сохранения.
2025-04-16 11:17:32,431 - INFO - Успешно обработано (вставлено или проигнорировано) 5 записей.
2025-04-16 11:17:32,432 - INFO - Успешно обработаны ID: [31, 32, 33, 34, 35]
2025-04-16 11:17:42,502 - INFO - Получен входящий POST запрос на /replicate
2025-04-16 11:17:42,503 - INFO - Получено 5 записей для сохранения.
2025-04-16 11:17:42,509 - INFO - Успешно обработано (вставлено или проигнорировано) 5 записей.
2025-04-16 11:17:42,510 - INFO - Успешно обработаны ID: [41, 42, 43, 44, 45]
2025-04-16 11:17:52,566 - INFO - Получен входящий POST запрос на /replicate
2025-04-16 11:17:52,566 - INFO - Получено 5 записей для сохранения.
2025-04-16 11:17:52,574 - INFO - Успешно обработано (вставлено или проигнорировано) 5 записей.
2025-04-16 11:17:52,574 - INFO - Успешно обработаны ID: [51, 52, 53, 54, 55]
2025-04-16 11:18:02,622 - INFO - Получен входящий POST запрос на /replicate
2025-04-16 11:18:02,622 - INFO - Получено 5 записей для сохранения.
2025-04-16 11:18:02,626 - INFO - Успешно обработано (вставлено или проигнорировано) 5 записей.
2025-04-16 11:18:02,627 - INFO - Успешно обработаны ID: [61, 62, 63, 64, 65]
2025-04-16 11:18:12,682 - INFO - Получен входящий POST запрос на /replicate
2025-04-16 11:18:12,683 - INFO - Получено 5 записей для сохранения.
2025-04-16 11:18:12,692 - INFO - Успешно обработано (вставлено или проигнорировано) 5 записей.
2025-04-16 11:18:12,692 - INFO - Успешно обработаны ID: [71, 72, 73, 74, 75]
2025-04-16 11:18:22,761 - INFO - Получен входящий POST запрос на /replicate
2025-04-16 11:18:22,762 - INFO - Получено 5 записей для сохранения.
2025-04-16 11:18:22,769 - INFO - Успешно обработано (вставлено или проигнорировано) 5 записей.
2025-04-16 11:18:22,770 - INFO - Успешно обработаны ID: [81, 82, 83, 84, 85]
2025-04-16 11:18:32,842 - INFO - Получен входящий POST запрос на /replicate
2025-04-16 11:18:32,843 - INFO - Получено 5 записей для сохранения.
2025-04-16 11:18:32,850 - INFO - Успешно обработано (вставлено или проигнорировано) 5 записей.
2025-04-16 11:18:32,851 - INFO - Успешно обработаны ID: [91, 92, 93, 94, 95]
2025-04-16 11:43:58,970 - INFO - Логгер для порта 5001 настроен, лог в territorial_api_5001.log
2025-04-16 11:43:58,970 - INFO - Проверка и настройка структуры БД: territorial1_db.sqlite...
2025-04-16 11:43:58,970 - INFO - Таблица 'telemetry' в territorial1_db.sqlite готова.
2025-04-16 11:43:58,970 - INFO - Запуск API на порту 5001 для работы с БД territorial1_db.sqlite
2025-04-16 11:44:12,844 - INFO - Получен входящий POST запрос на /replicate
2025-04-16 11:44:12,844 - INFO - Получено 5 записей для сохранения.
2025-04-16 11:44:12,844 - INFO - Успешно обработано 5 записей.
2025-04-16 11:44:12,844 - INFO - Успешно обработаны ID: [1, 2, 3, 4, 5]
2025-04-16 11:44:22,905 - INFO - Получен входящий POST запрос на /replicate
2025-04-16 11:44:22,905 - INFO - Получено 5 записей для сохранения.
2025-04-16 11:44:22,905 - INFO - Успешно обработано 5 записей.
2025-04-16 11:44:22,905 - INFO - Успешно обработаны ID: [11, 12, 13, 14, 15]
2025-04-16 11:44:32,964 - INFO - Получен входящий POST запрос на /replicate
2025-04-16 11:44:32,964 - INFO - Получено 5 записей для сохранения.
2025-04-16 11:44:32,964 - INFO - Успешно обработано 5 записей.
2025-04-16 11:44:32,964 - INFO - Успешно обработаны ID: [21, 22, 23, 24, 25]
2025-04-16 11:44:43,031 - INFO - Получен входящий POST запрос на /replicate
2025-04-16 11:44:43,031 - INFO - Получено 5 записей для сохранения.
2025-04-16 11:44:43,031 - INFO - Успешно обработано 5 записей.
2025-04-16 11:44:43,031 - INFO - Успешно обработаны ID: [31, 32, 33, 34, 35]
2025-04-16 11:44:53,094 - INFO - Получен входящий POST запрос на /replicate
2025-04-16 11:44:53,094 - INFO - Получено 5 записей для сохранения.
2025-04-16 11:44:53,094 - INFO - Успешно обработано 5 записей.
2025-04-16 11:44:53,094 - INFO - Успешно обработаны ID: [41, 42, 43, 44, 45]
2025-04-16 11:45:03,165 - INFO - Получен входящий POST запрос на /replicate
2025-04-16 11:45:03,165 - INFO - Получено 5 записей для сохранения.
2025-04-16 11:45:03,165 - INFO - Успешно обработано 5 записей.
2025-04-16 11:45:03,165 - INFO - Успешно обработаны ID: [51, 52, 53, 54, 55]
2025-04-16 11:45:13,196 - INFO - Получен входящий POST запрос на /replicate
2025-04-16 11:45:13,196 - INFO - Получено 5 записей для сохранения.
2025-04-16 11:45:13,212 - INFO - Успешно обработано 5 записей.
2025-04-16 11:45:13,212 - INFO - Успешно обработаны ID: [61, 62, 63, 64, 65]
2025-04-16 11:45:23,254 - INFO - Получен входящий POST запрос на /replicate
2025-04-16 11:45:23,254 - INFO - Получено 5 записей для сохранения.
2025-04-16 11:45:34,291 - ERROR - Критическая ошибка во время сохранения данных в territorial1_db.sqlite. Откат транзакции.
Traceback (most recent call last):
  File "D:\6sem_BSTU\RIS\Lab6\territorial_client.py", line 121, in save_replicated_data
    conn.commit()
sqlite3.OperationalError: database is locked
2025-04-16 11:45:34,291 - ERROR - Ошибка при сохранении данных: Internal server error during database operation: database is locked
2025-04-16 11:45:44,334 - INFO - Получен входящий POST запрос на /replicate
2025-04-16 11:45:44,335 - INFO - Получено 5 записей для сохранения.
2025-04-16 11:45:55,299 - ERROR - Критическая ошибка во время сохранения данных в territorial1_db.sqlite. Откат транзакции.
Traceback (most recent call last):
  File "D:\6sem_BSTU\RIS\Lab6\territorial_client.py", line 121, in save_replicated_data
    conn.commit()
sqlite3.OperationalError: database is locked
2025-04-16 11:45:55,302 - ERROR - Ошибка при сохранении данных: Internal server error during database operation: database is locked
2025-04-16 11:46:16,326 - INFO - Получен входящий POST запрос на /replicate
2025-04-16 11:46:16,326 - INFO - Получено 5 записей для сохранения.
2025-04-16 11:46:27,300 - ERROR - Критическая ошибка во время сохранения данных в territorial1_db.sqlite. Откат транзакции.
Traceback (most recent call last):
  File "D:\6sem_BSTU\RIS\Lab6\territorial_client.py", line 121, in save_replicated_data
    conn.commit()
sqlite3.OperationalError: database is locked
2025-04-16 11:46:27,301 - ERROR - Ошибка при сохранении данных: Internal server error during database operation: database is locked
