2025-04-15 10:26:34,646 - INFO - Логгер для порта 5002 настроен, лог в territorial_api_5002.log
2025-04-15 10:26:34,646 - INFO - Проверка и настройка структуры БД: territorial2_db.sqlite...
2025-04-15 10:26:34,646 - INFO - Таблица 'telemetry' в territorial2_db.sqlite готова.
2025-04-15 10:26:34,646 - INFO - Запуск API на порту 5002 для работы с БД territorial2_db.sqlite
2025-04-15 15:24:02,896 - INFO - Логгер для порта 5002 настроен, лог в territorial_api_5002.log
2025-04-15 15:24:02,897 - INFO - Проверка и настройка структуры БД: territorial2_db.sqlite...
2025-04-15 15:24:02,898 - INFO - Таблица 'telemetry' в territorial2_db.sqlite готова.
2025-04-15 15:24:02,898 - INFO - Запуск API на порту 5002 для работы с БД territorial2_db.sqlite
2025-04-15 15:32:10,692 - INFO - Получен входящий POST запрос на /replicate
2025-04-15 15:32:10,693 - INFO - Получено 5 записей для сохранения.
2025-04-15 15:32:10,696 - INFO - Успешно обработано (вставлено или проигнорировано) 5 записей.
2025-04-15 15:32:10,697 - INFO - Успешно обработаны ID: [1, 2, 3, 4, 5]
2025-04-15 15:32:20,765 - INFO - Получен входящий POST запрос на /replicate
2025-04-15 15:32:20,766 - INFO - Получено 5 записей для сохранения.
2025-04-15 15:32:20,772 - INFO - Успешно обработано (вставлено или проигнорировано) 5 записей.
2025-04-15 15:32:20,772 - INFO - Успешно обработаны ID: [6, 7, 8, 9, 10]
2025-04-15 15:32:30,847 - INFO - Получен входящий POST запрос на /replicate
2025-04-15 15:32:30,848 - INFO - Получено 5 записей для сохранения.
2025-04-15 15:32:30,853 - INFO - Успешно обработано (вставлено или проигнорировано) 5 записей.
2025-04-15 15:32:30,853 - INFO - Успешно обработаны ID: [11, 12, 13, 14, 15]
2025-04-15 15:32:40,921 - INFO - Получен входящий POST запрос на /replicate
2025-04-15 15:32:40,922 - INFO - Получено 5 записей для сохранения.
2025-04-15 15:32:40,928 - INFO - Успешно обработано (вставлено или проигнорировано) 5 записей.
2025-04-15 15:32:40,928 - INFO - Успешно обработаны ID: [16, 17, 18, 19, 20]
2025-04-15 15:32:51,002 - INFO - Получен входящий POST запрос на /replicate
2025-04-15 15:32:51,002 - INFO - Получено 5 записей для сохранения.
2025-04-15 15:32:51,009 - INFO - Успешно обработано (вставлено или проигнорировано) 5 записей.
2025-04-15 15:32:51,009 - INFO - Успешно обработаны ID: [21, 22, 23, 24, 25]
2025-04-15 15:33:01,087 - INFO - Получен входящий POST запрос на /replicate
2025-04-15 15:33:01,088 - INFO - Получено 5 записей для сохранения.
2025-04-15 15:33:01,093 - INFO - Успешно обработано (вставлено или проигнорировано) 5 записей.
2025-04-15 15:33:01,093 - INFO - Успешно обработаны ID: [26, 27, 28, 29, 30]
2025-04-15 15:33:11,134 - INFO - Получен входящий POST запрос на /replicate
2025-04-15 15:33:11,135 - INFO - Получено 5 записей для сохранения.
2025-04-15 15:33:11,140 - INFO - Успешно обработано (вставлено или проигнорировано) 5 записей.
2025-04-15 15:33:11,140 - INFO - Успешно обработаны ID: [31, 32, 33, 34, 35]
2025-04-15 15:33:21,209 - INFO - Получен входящий POST запрос на /replicate
2025-04-15 15:33:21,210 - INFO - Получено 5 записей для сохранения.
2025-04-15 15:33:21,215 - INFO - Успешно обработано (вставлено или проигнорировано) 5 записей.
2025-04-15 15:33:21,215 - INFO - Успешно обработаны ID: [36, 37, 38, 39, 40]
2025-04-15 15:33:31,250 - INFO - Получен входящий POST запрос на /replicate
2025-04-15 15:33:31,250 - INFO - Получено 5 записей для сохранения.
2025-04-15 15:33:31,255 - INFO - Успешно обработано (вставлено или проигнорировано) 5 записей.
2025-04-15 15:33:31,256 - INFO - Успешно обработаны ID: [41, 42, 43, 44, 45]
2025-04-15 15:33:41,325 - INFO - Получен входящий POST запрос на /replicate
2025-04-15 15:33:41,326 - INFO - Получено 5 записей для сохранения.
2025-04-15 15:33:41,331 - INFO - Успешно обработано (вставлено или проигнорировано) 5 записей.
2025-04-15 15:33:41,332 - INFO - Успешно обработаны ID: [46, 47, 48, 49, 50]
2025-04-15 15:33:51,391 - INFO - Получен входящий POST запрос на /replicate
2025-04-15 15:33:51,391 - INFO - Получено 5 записей для сохранения.
2025-04-15 15:33:51,394 - INFO - Успешно обработано (вставлено или проигнорировано) 5 записей.
2025-04-15 15:33:51,396 - INFO - Успешно обработаны ID: [51, 52, 53, 54, 55]
2025-04-15 15:34:01,466 - INFO - Получен входящий POST запрос на /replicate
2025-04-15 15:34:01,467 - INFO - Получено 5 записей для сохранения.
2025-04-15 15:34:01,473 - INFO - Успешно обработано (вставлено или проигнорировано) 5 записей.
2025-04-15 15:34:01,473 - INFO - Успешно обработаны ID: [56, 57, 58, 59, 60]
2025-04-15 15:34:11,541 - INFO - Получен входящий POST запрос на /replicate
2025-04-15 15:34:11,542 - INFO - Получено 5 записей для сохранения.
2025-04-15 15:34:11,550 - INFO - Успешно обработано (вставлено или проигнорировано) 5 записей.
2025-04-15 15:34:11,551 - INFO - Успешно обработаны ID: [61, 62, 63, 64, 65]
2025-04-15 15:34:21,613 - INFO - Получен входящий POST запрос на /replicate
2025-04-15 15:34:21,614 - INFO - Получено 5 записей для сохранения.
2025-04-15 15:34:21,621 - INFO - Успешно обработано (вставлено или проигнорировано) 5 записей.
2025-04-15 15:34:21,621 - INFO - Успешно обработаны ID: [66, 67, 68, 69, 70]
2025-04-15 15:34:31,676 - INFO - Получен входящий POST запрос на /replicate
2025-04-15 15:34:31,676 - INFO - Получено 5 записей для сохранения.
2025-04-15 15:34:31,681 - INFO - Успешно обработано (вставлено или проигнорировано) 5 записей.
2025-04-15 15:34:31,683 - INFO - Успешно обработаны ID: [71, 72, 73, 74, 75]
2025-04-15 15:34:41,758 - INFO - Получен входящий POST запрос на /replicate
2025-04-15 15:34:41,759 - INFO - Получено 5 записей для сохранения.
2025-04-15 15:34:41,765 - INFO - Успешно обработано (вставлено или проигнорировано) 5 записей.
2025-04-15 15:34:41,766 - INFO - Успешно обработаны ID: [76, 77, 78, 79, 80]
2025-04-15 15:34:51,795 - INFO - Получен входящий POST запрос на /replicate
2025-04-15 15:34:51,796 - INFO - Получено 5 записей для сохранения.
2025-04-15 15:34:51,799 - INFO - Успешно обработано (вставлено или проигнорировано) 5 записей.
2025-04-15 15:34:51,800 - INFO - Успешно обработаны ID: [81, 82, 83, 84, 85]
2025-04-15 16:05:54,951 - INFO - Логгер для порта 5002 настроен, лог в territorial_api_5002.log
2025-04-15 16:05:54,952 - INFO - Проверка и настройка структуры БД: territorial2_db.sqlite...
2025-04-15 16:05:54,956 - INFO - Таблица 'telemetry' в territorial2_db.sqlite готова.
2025-04-15 16:05:54,956 - INFO - Запуск API на порту 5002 для работы с БД territorial2_db.sqlite
2025-04-15 16:06:09,635 - INFO - Получен входящий POST запрос на /replicate
2025-04-15 16:06:09,636 - INFO - Получено 3 записей для сохранения.
2025-04-15 16:06:09,641 - INFO - Успешно обработано (вставлено или проигнорировано) 3 записей.
2025-04-15 16:06:09,642 - INFO - Успешно обработаны ID: [2, 3, 4]
2025-04-15 16:06:19,716 - INFO - Получен входящий POST запрос на /replicate
2025-04-15 16:06:19,717 - INFO - Получено 2 записей для сохранения.
2025-04-15 16:06:19,723 - INFO - Успешно обработано (вставлено или проигнорировано) 2 записей.
2025-04-15 16:06:19,724 - INFO - Успешно обработаны ID: [7, 10]
2025-04-15 16:06:29,805 - INFO - Получен входящий POST запрос на /replicate
2025-04-15 16:06:29,806 - INFO - Получено 3 записей для сохранения.
2025-04-15 16:06:29,812 - INFO - Успешно обработано (вставлено или проигнорировано) 3 записей.
2025-04-15 16:06:29,813 - INFO - Успешно обработаны ID: [14, 15, 16]
2025-04-15 16:06:39,882 - INFO - Получен входящий POST запрос на /replicate
2025-04-15 16:06:39,883 - INFO - Получено 2 записей для сохранения.
2025-04-15 16:06:39,889 - INFO - Успешно обработано (вставлено или проигнорировано) 2 записей.
2025-04-15 16:06:39,889 - INFO - Успешно обработаны ID: [17, 18]
2025-04-15 16:06:49,968 - INFO - Получен входящий POST запрос на /replicate
2025-04-15 16:06:49,968 - INFO - Получено 2 записей для сохранения.
2025-04-15 16:06:49,973 - INFO - Успешно обработано (вставлено или проигнорировано) 2 записей.
2025-04-15 16:06:49,974 - INFO - Успешно обработаны ID: [24, 26]
2025-04-15 16:07:00,028 - INFO - Получен входящий POST запрос на /replicate
2025-04-15 16:07:00,029 - INFO - Получено 2 записей для сохранения.
2025-04-15 16:07:00,034 - INFO - Успешно обработано (вставлено или проигнорировано) 2 записей.
2025-04-15 16:07:00,034 - INFO - Успешно обработаны ID: [29, 30]
2025-04-15 16:07:10,120 - INFO - Получен входящий POST запрос на /replicate
2025-04-15 16:07:10,121 - INFO - Получено 3 записей для сохранения.
2025-04-15 16:07:10,126 - INFO - Успешно обработано (вставлено или проигнорировано) 3 записей.
2025-04-15 16:07:10,127 - INFO - Успешно обработаны ID: [33, 35, 36]
2025-04-15 16:07:20,197 - INFO - Получен входящий POST запрос на /replicate
2025-04-15 16:07:20,198 - INFO - Получено 3 записей для сохранения.
2025-04-15 16:07:20,203 - INFO - Успешно обработано (вставлено или проигнорировано) 3 записей.
2025-04-15 16:07:20,203 - INFO - Успешно обработаны ID: [38, 40, 41]
2025-04-15 16:07:30,279 - INFO - Получен входящий POST запрос на /replicate
2025-04-15 16:07:30,279 - INFO - Получено 4 записей для сохранения.
2025-04-15 16:07:30,285 - INFO - Успешно обработано (вставлено или проигнорировано) 4 записей.
2025-04-15 16:07:30,285 - INFO - Успешно обработаны ID: [42, 43, 45, 46]
2025-04-15 16:07:40,353 - INFO - Получен входящий POST запрос на /replicate
2025-04-15 16:07:40,354 - INFO - Получено 2 записей для сохранения.
2025-04-15 16:07:40,360 - INFO - Успешно обработано (вставлено или проигнорировано) 2 записей.
2025-04-15 16:07:40,361 - INFO - Успешно обработаны ID: [49, 51]
2025-04-15 16:07:50,441 - INFO - Получен входящий POST запрос на /replicate
2025-04-15 16:07:50,442 - INFO - Получено 3 записей для сохранения.
2025-04-15 16:07:50,449 - INFO - Успешно обработано (вставлено или проигнорировано) 3 записей.
2025-04-15 16:07:50,450 - INFO - Успешно обработаны ID: [53, 55, 56]
2025-04-15 16:08:00,495 - INFO - Получен входящий POST запрос на /replicate
2025-04-15 16:08:00,495 - INFO - Получено 4 записей для сохранения.
2025-04-15 16:08:00,500 - INFO - Успешно обработано (вставлено или проигнорировано) 4 записей.
2025-04-15 16:08:00,501 - INFO - Успешно обработаны ID: [58, 59, 60, 61]
2025-04-15 16:08:10,577 - INFO - Получен входящий POST запрос на /replicate
2025-04-15 16:08:10,579 - INFO - Получено 2 записей для сохранения.
2025-04-15 16:08:10,584 - INFO - Успешно обработано (вставлено или проигнорировано) 2 записей.
2025-04-15 16:08:10,585 - INFO - Успешно обработаны ID: [62, 63]
2025-04-15 16:08:20,618 - INFO - Получен входящий POST запрос на /replicate
2025-04-15 16:08:20,619 - INFO - Получено 2 записей для сохранения.
2025-04-15 16:08:20,625 - INFO - Успешно обработано (вставлено или проигнорировано) 2 записей.
2025-04-15 16:08:20,626 - INFO - Успешно обработаны ID: [68, 70]
2025-04-15 16:08:30,691 - INFO - Получен входящий POST запрос на /replicate
2025-04-15 16:08:30,692 - INFO - Получено 1 записей для сохранения.
2025-04-15 16:08:30,696 - INFO - Успешно обработано (вставлено или проигнорировано) 1 записей.
2025-04-15 16:08:30,697 - INFO - Успешно обработаны ID: [75]
2025-04-15 16:08:40,767 - INFO - Получен входящий POST запрос на /replicate
2025-04-15 16:08:40,768 - INFO - Получено 3 записей для сохранения.
2025-04-15 16:08:40,773 - INFO - Успешно обработано (вставлено или проигнорировано) 3 записей.
2025-04-15 16:08:40,774 - INFO - Успешно обработаны ID: [77, 78, 81]
2025-04-15 16:08:50,834 - INFO - Получен входящий POST запрос на /replicate
2025-04-15 16:08:50,836 - INFO - Получено 1 записей для сохранения.
2025-04-15 16:08:50,842 - INFO - Успешно обработано (вставлено или проигнорировано) 1 записей.
2025-04-15 16:08:50,842 - INFO - Успешно обработаны ID: [85]
2025-04-15 16:09:00,914 - INFO - Получен входящий POST запрос на /replicate
2025-04-15 16:09:00,914 - INFO - Получено 4 записей для сохранения.
2025-04-15 16:09:00,920 - INFO - Успешно обработано (вставлено или проигнорировано) 4 записей.
2025-04-15 16:09:00,920 - INFO - Успешно обработаны ID: [87, 88, 89, 90]
2025-04-15 16:09:54,795 - INFO - Логгер для порта 5002 настроен, лог в territorial_api_5002.log
2025-04-15 16:09:54,795 - INFO - Проверка и настройка структуры БД: territorial2_db.sqlite...
2025-04-15 16:09:54,801 - INFO - Таблица 'telemetry' в territorial2_db.sqlite готова.
2025-04-15 16:09:54,802 - INFO - Запуск API на порту 5002 для работы с БД territorial2_db.sqlite
2025-04-15 16:10:09,734 - INFO - Получен входящий POST запрос на /replicate
2025-04-15 16:10:09,735 - INFO - Получено 5 записей для сохранения.
2025-04-15 16:10:09,741 - INFO - Успешно обработано (вставлено или проигнорировано) 5 записей.
2025-04-15 16:10:09,741 - INFO - Успешно обработаны ID: [1, 2, 5, 7, 8]
2025-04-15 16:10:19,812 - INFO - Получен входящий POST запрос на /replicate
2025-04-15 16:10:19,813 - INFO - Получено 3 записей для сохранения.
2025-04-15 16:10:19,819 - INFO - Успешно обработано (вставлено или проигнорировано) 3 записей.
2025-04-15 16:10:19,819 - INFO - Успешно обработаны ID: [11, 13, 14]
2025-04-15 16:10:29,854 - INFO - Получен входящий POST запрос на /replicate
2025-04-15 16:10:29,855 - INFO - Получено 3 записей для сохранения.
2025-04-15 16:10:29,860 - INFO - Успешно обработано (вставлено или проигнорировано) 3 записей.
2025-04-15 16:10:29,861 - INFO - Успешно обработаны ID: [17, 19, 20]
2025-04-15 16:10:39,928 - INFO - Получен входящий POST запрос на /replicate
2025-04-15 16:10:39,929 - INFO - Получено 4 записей для сохранения.
2025-04-15 16:10:39,935 - INFO - Успешно обработано (вставлено или проигнорировано) 4 записей.
2025-04-15 16:10:39,936 - INFO - Успешно обработаны ID: [21, 22, 23, 25]
2025-04-15 16:10:50,020 - INFO - Получен входящий POST запрос на /replicate
2025-04-15 16:10:50,039 - INFO - Получено 4 записей для сохранения.
2025-04-15 16:10:50,056 - INFO - Успешно обработано (вставлено или проигнорировано) 4 записей.
2025-04-15 16:10:50,056 - INFO - Успешно обработаны ID: [26, 28, 29, 30]
2025-04-15 16:11:00,114 - INFO - Получен входящий POST запрос на /replicate
2025-04-15 16:11:00,114 - INFO - Получено 3 записей для сохранения.
2025-04-15 16:11:00,121 - INFO - Успешно обработано (вставлено или проигнорировано) 3 записей.
2025-04-15 16:11:00,121 - INFO - Успешно обработаны ID: [31, 33, 34]
2025-04-15 16:11:10,152 - INFO - Получен входящий POST запрос на /replicate
2025-04-15 16:11:10,152 - INFO - Получено 2 записей для сохранения.
2025-04-15 16:11:10,157 - INFO - Успешно обработано (вставлено или проигнорировано) 2 записей.
2025-04-15 16:11:10,157 - INFO - Успешно обработаны ID: [38, 39]
2025-04-15 16:11:20,190 - INFO - Получен входящий POST запрос на /replicate
2025-04-15 16:11:20,191 - INFO - Получено 4 записей для сохранения.
2025-04-15 16:11:20,196 - INFO - Успешно обработано (вставлено или проигнорировано) 4 записей.
2025-04-15 16:11:20,196 - INFO - Успешно обработаны ID: [41, 42, 43, 44]
2025-04-15 16:11:30,266 - INFO - Получен входящий POST запрос на /replicate
2025-04-15 16:11:30,267 - INFO - Получено 3 записей для сохранения.
2025-04-15 16:11:30,272 - INFO - Успешно обработано (вставлено или проигнорировано) 3 записей.
2025-04-15 16:11:30,273 - INFO - Успешно обработаны ID: [46, 47, 50]
2025-04-15 16:11:40,308 - INFO - Получен входящий POST запрос на /replicate
2025-04-15 16:11:40,308 - INFO - Получено 3 записей для сохранения.
2025-04-15 16:11:40,313 - INFO - Успешно обработано (вставлено или проигнорировано) 3 записей.
2025-04-15 16:11:40,314 - INFO - Успешно обработаны ID: [51, 54, 55]
2025-04-15 16:11:50,375 - INFO - Получен входящий POST запрос на /replicate
2025-04-15 16:11:50,375 - INFO - Получено 4 записей для сохранения.
2025-04-15 16:11:50,381 - INFO - Успешно обработано (вставлено или проигнорировано) 4 записей.
2025-04-15 16:11:50,382 - INFO - Успешно обработаны ID: [56, 57, 58, 60]
2025-04-15 16:12:00,463 - INFO - Получен входящий POST запрос на /replicate
2025-04-15 16:12:00,463 - INFO - Получено 3 записей для сохранения.
2025-04-15 16:12:00,469 - INFO - Успешно обработано (вставлено или проигнорировано) 3 записей.
2025-04-15 16:12:00,470 - INFO - Успешно обработаны ID: [61, 62, 65]
2025-04-15 16:12:10,547 - INFO - Получен входящий POST запрос на /replicate
2025-04-15 16:12:10,548 - INFO - Получено 1 записей для сохранения.
2025-04-15 16:12:10,553 - INFO - Успешно обработано (вставлено или проигнорировано) 1 записей.
2025-04-15 16:12:10,553 - INFO - Успешно обработаны ID: [68]
2025-04-15 16:12:20,618 - INFO - Получен входящий POST запрос на /replicate
2025-04-15 16:12:20,619 - INFO - Получено 2 записей для сохранения.
2025-04-15 16:12:20,626 - INFO - Успешно обработано (вставлено или проигнорировано) 2 записей.
2025-04-15 16:12:20,626 - INFO - Успешно обработаны ID: [72, 75]
2025-04-15 16:12:30,699 - INFO - Получен входящий POST запрос на /replicate
2025-04-15 16:12:30,700 - INFO - Получено 2 записей для сохранения.
2025-04-15 16:12:30,705 - INFO - Успешно обработано (вставлено или проигнорировано) 2 записей.
2025-04-15 16:12:30,706 - INFO - Успешно обработаны ID: [78, 80]
2025-04-15 16:12:40,779 - INFO - Получен входящий POST запрос на /replicate
2025-04-15 16:12:40,780 - INFO - Получено 2 записей для сохранения.
2025-04-15 16:12:40,786 - INFO - Успешно обработано (вставлено или проигнорировано) 2 записей.
2025-04-15 16:12:40,787 - INFO - Успешно обработаны ID: [82, 84]
2025-04-15 16:12:50,819 - INFO - Получен входящий POST запрос на /replicate
2025-04-15 16:12:50,819 - INFO - Получено 2 записей для сохранения.
2025-04-15 16:12:50,824 - INFO - Успешно обработано (вставлено или проигнорировано) 2 записей.
2025-04-15 16:12:50,824 - INFO - Успешно обработаны ID: [87, 89]
2025-04-15 16:13:00,871 - INFO - Получен входящий POST запрос на /replicate
2025-04-15 16:13:00,871 - INFO - Получено 1 записей для сохранения.
2025-04-15 16:13:00,875 - INFO - Успешно обработано (вставлено или проигнорировано) 1 записей.
2025-04-15 16:13:00,876 - INFO - Успешно обработаны ID: [91]
2025-04-15 16:13:10,948 - INFO - Получен входящий POST запрос на /replicate
2025-04-15 16:13:10,949 - INFO - Получено 4 записей для сохранения.
2025-04-15 16:13:10,954 - INFO - Успешно обработано (вставлено или проигнорировано) 4 записей.
2025-04-15 16:13:10,955 - INFO - Успешно обработаны ID: [96, 98, 99, 100]
2025-04-15 16:13:21,010 - INFO - Получен входящий POST запрос на /replicate
2025-04-15 16:13:21,011 - INFO - Получено 2 записей для сохранения.
2025-04-15 16:13:21,017 - INFO - Успешно обработано (вставлено или проигнорировано) 2 записей.
2025-04-15 16:13:21,018 - INFO - Успешно обработаны ID: [103, 104]
2025-04-15 16:13:31,060 - INFO - Получен входящий POST запрос на /replicate
2025-04-15 16:13:31,061 - INFO - Получено 5 записей для сохранения.
2025-04-15 16:13:31,085 - INFO - Успешно обработано (вставлено или проигнорировано) 5 записей.
2025-04-15 16:13:31,085 - INFO - Успешно обработаны ID: [106, 107, 108, 109, 110]
2025-04-15 16:13:41,149 - INFO - Получен входящий POST запрос на /replicate
2025-04-15 16:13:41,150 - INFO - Получено 2 записей для сохранения.
2025-04-15 16:13:41,154 - INFO - Успешно обработано (вставлено или проигнорировано) 2 записей.
2025-04-15 16:13:41,155 - INFO - Успешно обработаны ID: [112, 113]
2025-04-15 16:13:51,207 - INFO - Получен входящий POST запрос на /replicate
2025-04-15 16:13:51,210 - INFO - Получено 2 записей для сохранения.
2025-04-15 16:13:51,215 - INFO - Успешно обработано (вставлено или проигнорировано) 2 записей.
2025-04-15 16:13:51,215 - INFO - Успешно обработаны ID: [118, 120]
2025-04-15 16:14:01,283 - INFO - Получен входящий POST запрос на /replicate
2025-04-15 16:14:01,284 - INFO - Получено 3 записей для сохранения.
2025-04-15 16:14:01,289 - INFO - Успешно обработано (вставлено или проигнорировано) 3 записей.
2025-04-15 16:14:01,289 - INFO - Успешно обработаны ID: [121, 122, 124]
2025-04-15 16:14:11,356 - INFO - Получен входящий POST запрос на /replicate
2025-04-15 16:14:11,356 - INFO - Получено 4 записей для сохранения.
2025-04-15 16:14:11,363 - INFO - Успешно обработано (вставлено или проигнорировано) 4 записей.
2025-04-15 16:14:11,364 - INFO - Успешно обработаны ID: [126, 127, 128, 130]
2025-04-15 16:14:21,414 - INFO - Получен входящий POST запрос на /replicate
2025-04-15 16:14:21,415 - INFO - Получено 1 записей для сохранения.
2025-04-15 16:14:21,421 - INFO - Успешно обработано (вставлено или проигнорировано) 1 записей.
2025-04-15 16:14:21,421 - INFO - Успешно обработаны ID: [133]
2025-04-15 16:14:31,513 - INFO - Получен входящий POST запрос на /replicate
2025-04-15 16:14:31,514 - INFO - Получено 4 записей для сохранения.
2025-04-15 16:14:31,523 - INFO - Успешно обработано (вставлено или проигнорировано) 4 записей.
2025-04-15 16:14:31,524 - INFO - Успешно обработаны ID: [136, 137, 138, 140]
2025-04-15 16:14:41,612 - INFO - Получен входящий POST запрос на /replicate
2025-04-15 16:14:41,613 - INFO - Получено 2 записей для сохранения.
2025-04-15 16:14:41,622 - INFO - Успешно обработано (вставлено или проигнорировано) 2 записей.
2025-04-15 16:14:41,623 - INFO - Успешно обработаны ID: [142, 143]
2025-04-15 16:14:51,719 - INFO - Получен входящий POST запрос на /replicate
2025-04-15 16:14:51,720 - INFO - Получено 3 записей для сохранения.
2025-04-15 16:14:51,727 - INFO - Успешно обработано (вставлено или проигнорировано) 3 записей.
2025-04-15 16:14:51,727 - INFO - Успешно обработаны ID: [146, 148, 149]
2025-04-15 16:15:01,814 - INFO - Получен входящий POST запрос на /replicate
2025-04-15 16:15:01,815 - INFO - Получено 2 записей для сохранения.
2025-04-15 16:15:01,822 - INFO - Успешно обработано (вставлено или проигнорировано) 2 записей.
2025-04-15 16:15:01,822 - INFO - Успешно обработаны ID: [153, 154]
2025-04-15 16:15:11,895 - INFO - Получен входящий POST запрос на /replicate
2025-04-15 16:15:11,895 - INFO - Получено 1 записей для сохранения.
2025-04-15 16:15:11,904 - INFO - Успешно обработано (вставлено или проигнорировано) 1 записей.
2025-04-15 16:15:11,904 - INFO - Успешно обработаны ID: [156]
2025-04-15 16:15:21,988 - INFO - Получен входящий POST запрос на /replicate
2025-04-15 16:15:21,989 - INFO - Получено 3 записей для сохранения.
2025-04-15 16:15:21,996 - INFO - Успешно обработано (вставлено или проигнорировано) 3 записей.
2025-04-15 16:15:21,997 - INFO - Успешно обработаны ID: [161, 162, 165]
2025-04-15 16:15:32,078 - INFO - Получен входящий POST запрос на /replicate
2025-04-15 16:15:32,078 - INFO - Получено 4 записей для сохранения.
2025-04-15 16:15:32,089 - INFO - Успешно обработано (вставлено или проигнорировано) 4 записей.
2025-04-15 16:15:32,089 - INFO - Успешно обработаны ID: [166, 167, 168, 170]
2025-04-15 16:15:42,162 - INFO - Получен входящий POST запрос на /replicate
2025-04-15 16:15:42,162 - INFO - Получено 3 записей для сохранения.
2025-04-15 16:15:42,166 - INFO - Успешно обработано (вставлено или проигнорировано) 3 записей.
2025-04-15 16:15:42,168 - INFO - Успешно обработаны ID: [171, 173, 175]
2025-04-15 16:15:52,257 - INFO - Получен входящий POST запрос на /replicate
2025-04-15 16:15:52,258 - INFO - Получено 4 записей для сохранения.
2025-04-15 16:15:52,264 - INFO - Успешно обработано (вставлено или проигнорировано) 4 записей.
2025-04-15 16:15:52,264 - INFO - Успешно обработаны ID: [176, 177, 179, 180]
2025-04-15 16:16:02,311 - INFO - Получен входящий POST запрос на /replicate
2025-04-15 16:16:02,312 - INFO - Получено 5 записей для сохранения.
2025-04-15 16:16:02,319 - INFO - Успешно обработано (вставлено или проигнорировано) 5 записей.
2025-04-15 16:16:02,320 - INFO - Успешно обработаны ID: [181, 182, 183, 184, 185]
2025-04-15 16:16:12,397 - INFO - Получен входящий POST запрос на /replicate
2025-04-15 16:16:12,397 - INFO - Получено 1 записей для сохранения.
2025-04-15 16:16:12,403 - INFO - Успешно обработано (вставлено или проигнорировано) 1 записей.
2025-04-15 16:16:12,403 - INFO - Успешно обработаны ID: [186]
2025-04-15 16:16:22,483 - INFO - Получен входящий POST запрос на /replicate
2025-04-15 16:16:22,484 - INFO - Получено 3 записей для сохранения.
2025-04-15 16:16:22,490 - INFO - Успешно обработано (вставлено или проигнорировано) 3 записей.
2025-04-15 16:16:22,491 - INFO - Успешно обработаны ID: [193, 194, 195]
2025-04-15 16:16:32,548 - INFO - Получен входящий POST запрос на /replicate
2025-04-15 16:16:32,548 - INFO - Получено 3 записей для сохранения.
2025-04-15 16:16:32,553 - INFO - Успешно обработано (вставлено или проигнорировано) 3 записей.
2025-04-15 16:16:32,554 - INFO - Успешно обработаны ID: [196, 197, 200]
2025-04-15 16:16:42,622 - INFO - Получен входящий POST запрос на /replicate
2025-04-15 16:16:42,623 - INFO - Получено 3 записей для сохранения.
2025-04-15 16:16:42,629 - INFO - Успешно обработано (вставлено или проигнорировано) 3 записей.
2025-04-15 16:16:42,630 - INFO - Успешно обработаны ID: [203, 204, 205]
2025-04-15 16:16:52,708 - INFO - Получен входящий POST запрос на /replicate
2025-04-15 16:16:52,709 - INFO - Получено 4 записей для сохранения.
2025-04-15 16:16:52,714 - INFO - Успешно обработано (вставлено или проигнорировано) 4 записей.
2025-04-15 16:16:52,715 - INFO - Успешно обработаны ID: [206, 207, 208, 210]
2025-04-15 16:17:02,801 - INFO - Получен входящий POST запрос на /replicate
2025-04-15 16:17:02,802 - INFO - Получено 3 записей для сохранения.
2025-04-15 16:17:02,809 - INFO - Успешно обработано (вставлено или проигнорировано) 3 записей.
2025-04-15 16:17:02,809 - INFO - Успешно обработаны ID: [212, 213, 214]
2025-04-15 16:17:12,837 - INFO - Получен входящий POST запрос на /replicate
2025-04-15 16:17:12,837 - INFO - Получено 3 записей для сохранения.
2025-04-15 16:17:12,842 - INFO - Успешно обработано (вставлено или проигнорировано) 3 записей.
2025-04-15 16:17:12,842 - INFO - Успешно обработаны ID: [217, 219, 220]
2025-04-15 16:17:22,918 - INFO - Получен входящий POST запрос на /replicate
2025-04-15 16:17:22,919 - INFO - Получено 3 записей для сохранения.
2025-04-15 16:17:22,925 - INFO - Успешно обработано (вставлено или проигнорировано) 3 записей.
2025-04-15 16:17:22,925 - INFO - Успешно обработаны ID: [221, 222, 225]
2025-04-15 16:17:32,987 - INFO - Получен входящий POST запрос на /replicate
2025-04-15 16:17:32,989 - INFO - Получено 3 записей для сохранения.
2025-04-15 16:17:32,995 - INFO - Успешно обработано (вставлено или проигнорировано) 3 записей.
2025-04-15 16:17:32,996 - INFO - Успешно обработаны ID: [226, 227, 230]
2025-04-15 16:17:43,067 - INFO - Получен входящий POST запрос на /replicate
2025-04-15 16:17:43,068 - INFO - Получено 3 записей для сохранения.
2025-04-15 16:17:43,072 - INFO - Успешно обработано (вставлено или проигнорировано) 3 записей.
2025-04-15 16:17:43,072 - INFO - Успешно обработаны ID: [231, 233, 235]
2025-04-15 16:17:53,126 - INFO - Получен входящий POST запрос на /replicate
2025-04-15 16:17:53,127 - INFO - Получено 2 записей для сохранения.
2025-04-15 16:17:53,130 - INFO - Успешно обработано (вставлено или проигнорировано) 2 записей.
2025-04-15 16:17:53,131 - INFO - Успешно обработаны ID: [237, 239]
2025-04-15 16:18:03,166 - INFO - Получен входящий POST запрос на /replicate
2025-04-15 16:18:03,166 - INFO - Получено 4 записей для сохранения.
2025-04-15 16:18:03,170 - INFO - Успешно обработано (вставлено или проигнорировано) 4 записей.
2025-04-15 16:18:03,171 - INFO - Успешно обработаны ID: [242, 243, 244, 245]
2025-04-15 16:18:13,236 - INFO - Получен входящий POST запрос на /replicate
2025-04-15 16:18:13,236 - INFO - Получено 2 записей для сохранения.
2025-04-15 16:18:13,243 - INFO - Успешно обработано (вставлено или проигнорировано) 2 записей.
2025-04-15 16:18:13,243 - INFO - Успешно обработаны ID: [247, 248]
2025-04-15 16:18:23,323 - INFO - Получен входящий POST запрос на /replicate
2025-04-15 16:18:23,323 - INFO - Получено 3 записей для сохранения.
2025-04-15 16:18:23,330 - INFO - Успешно обработано (вставлено или проигнорировано) 3 записей.
2025-04-15 16:18:23,330 - INFO - Успешно обработаны ID: [252, 253, 255]
2025-04-15 16:18:33,383 - INFO - Получен входящий POST запрос на /replicate
2025-04-15 16:18:33,383 - INFO - Получено 2 записей для сохранения.
2025-04-15 16:18:33,387 - INFO - Успешно обработано (вставлено или проигнорировано) 2 записей.
2025-04-15 16:18:33,387 - INFO - Успешно обработаны ID: [257, 259]
2025-04-15 16:18:43,448 - INFO - Получен входящий POST запрос на /replicate
2025-04-15 16:18:43,449 - INFO - Получено 2 записей для сохранения.
2025-04-15 16:18:43,454 - INFO - Успешно обработано (вставлено или проигнорировано) 2 записей.
2025-04-15 16:18:43,454 - INFO - Успешно обработаны ID: [261, 262]
2025-04-15 16:18:53,496 - INFO - Получен входящий POST запрос на /replicate
2025-04-15 16:18:53,497 - INFO - Получено 3 записей для сохранения.
2025-04-15 16:18:53,502 - INFO - Успешно обработано (вставлено или проигнорировано) 3 записей.
2025-04-15 16:18:53,502 - INFO - Успешно обработаны ID: [266, 268, 269]
2025-04-15 16:19:03,583 - INFO - Получен входящий POST запрос на /replicate
2025-04-15 16:19:03,584 - INFO - Получено 3 записей для сохранения.
2025-04-15 16:19:03,590 - INFO - Успешно обработано (вставлено или проигнорировано) 3 записей.
2025-04-15 16:19:03,590 - INFO - Успешно обработаны ID: [272, 273, 275]
2025-04-15 16:19:13,646 - INFO - Получен входящий POST запрос на /replicate
2025-04-15 16:19:13,647 - INFO - Получено 4 записей для сохранения.
2025-04-15 16:19:13,655 - INFO - Успешно обработано (вставлено или проигнорировано) 4 записей.
2025-04-15 16:19:13,655 - INFO - Успешно обработаны ID: [276, 277, 278, 280]
2025-04-15 16:19:23,730 - INFO - Получен входящий POST запрос на /replicate
2025-04-15 16:19:23,731 - INFO - Получено 3 записей для сохранения.
2025-04-15 16:19:23,736 - INFO - Успешно обработано (вставлено или проигнорировано) 3 записей.
2025-04-15 16:19:23,737 - INFO - Успешно обработаны ID: [282, 283, 284]
2025-04-15 16:19:33,801 - INFO - Получен входящий POST запрос на /replicate
2025-04-15 16:19:33,801 - INFO - Получено 2 записей для сохранения.
2025-04-15 16:19:33,807 - INFO - Успешно обработано (вставлено или проигнорировано) 2 записей.
2025-04-15 16:19:33,808 - INFO - Успешно обработаны ID: [286, 288]
2025-04-15 16:19:43,872 - INFO - Получен входящий POST запрос на /replicate
2025-04-15 16:19:43,873 - INFO - Получено 2 записей для сохранения.
2025-04-15 16:19:43,878 - INFO - Успешно обработано (вставлено или проигнорировано) 2 записей.
2025-04-15 16:19:43,878 - INFO - Успешно обработаны ID: [292, 294]
2025-04-15 16:19:53,939 - INFO - Получен входящий POST запрос на /replicate
2025-04-15 16:19:53,940 - INFO - Получено 3 записей для сохранения.
2025-04-15 16:19:53,946 - INFO - Успешно обработано (вставлено или проигнорировано) 3 записей.
2025-04-15 16:19:53,947 - INFO - Успешно обработаны ID: [297, 298, 299]
2025-04-15 16:20:04,019 - INFO - Получен входящий POST запрос на /replicate
2025-04-15 16:20:04,020 - INFO - Получено 4 записей для сохранения.
2025-04-15 16:20:04,024 - INFO - Успешно обработано (вставлено или проигнорировано) 4 записей.
2025-04-15 16:20:04,025 - INFO - Успешно обработаны ID: [302, 303, 304, 305]
2025-04-15 16:20:14,084 - INFO - Получен входящий POST запрос на /replicate
2025-04-15 16:20:14,085 - INFO - Получено 2 записей для сохранения.
2025-04-15 16:20:14,092 - INFO - Успешно обработано (вставлено или проигнорировано) 2 записей.
2025-04-15 16:20:14,092 - INFO - Успешно обработаны ID: [306, 307]
2025-04-15 16:20:24,154 - INFO - Получен входящий POST запрос на /replicate
2025-04-15 16:20:24,155 - INFO - Получено 2 записей для сохранения.
2025-04-15 16:20:24,161 - INFO - Успешно обработано (вставлено или проигнорировано) 2 записей.
2025-04-15 16:20:24,161 - INFO - Успешно обработаны ID: [314, 315]
2025-04-15 16:20:34,211 - INFO - Получен входящий POST запрос на /replicate
2025-04-15 16:20:34,212 - INFO - Получено 3 записей для сохранения.
2025-04-15 16:20:34,216 - INFO - Успешно обработано (вставлено или проигнорировано) 3 записей.
2025-04-15 16:20:34,217 - INFO - Успешно обработаны ID: [318, 319, 320]
2025-04-15 16:20:44,291 - INFO - Получен входящий POST запрос на /replicate
2025-04-15 16:20:44,292 - INFO - Получено 1 записей для сохранения.
2025-04-15 16:20:44,298 - INFO - Успешно обработано (вставлено или проигнорировано) 1 записей.
2025-04-15 16:20:44,299 - INFO - Успешно обработаны ID: [324]
2025-04-15 16:20:54,382 - INFO - Получен входящий POST запрос на /replicate
2025-04-15 16:20:54,383 - INFO - Получено 2 записей для сохранения.
2025-04-15 16:20:54,389 - INFO - Успешно обработано (вставлено или проигнорировано) 2 записей.
2025-04-15 16:20:54,390 - INFO - Успешно обработаны ID: [328, 330]
2025-04-15 16:21:04,463 - INFO - Получен входящий POST запрос на /replicate
2025-04-15 16:21:04,464 - INFO - Получено 4 записей для сохранения.
2025-04-15 16:21:04,470 - INFO - Успешно обработано (вставлено или проигнорировано) 4 записей.
2025-04-15 16:21:04,471 - INFO - Успешно обработаны ID: [331, 333, 334, 335]
2025-04-15 16:21:14,537 - INFO - Получен входящий POST запрос на /replicate
2025-04-15 16:21:14,538 - INFO - Получено 2 записей для сохранения.
2025-04-15 16:21:14,544 - INFO - Успешно обработано (вставлено или проигнорировано) 2 записей.
2025-04-15 16:21:14,545 - INFO - Успешно обработаны ID: [336, 337]
2025-04-15 16:21:24,601 - INFO - Получен входящий POST запрос на /replicate
2025-04-15 16:21:24,601 - INFO - Получено 1 записей для сохранения.
2025-04-15 16:21:24,607 - INFO - Успешно обработано (вставлено или проигнорировано) 1 записей.
2025-04-15 16:21:24,607 - INFO - Успешно обработаны ID: [342]
2025-04-15 16:21:34,661 - INFO - Получен входящий POST запрос на /replicate
2025-04-15 16:21:34,661 - INFO - Получено 3 записей для сохранения.
2025-04-15 16:21:34,665 - INFO - Успешно обработано (вставлено или проигнорировано) 3 записей.
2025-04-15 16:21:34,666 - INFO - Успешно обработаны ID: [346, 347, 348]
2025-04-15 16:21:44,743 - INFO - Получен входящий POST запрос на /replicate
2025-04-15 16:21:44,744 - INFO - Получено 4 записей для сохранения.
2025-04-15 16:21:44,749 - INFO - Успешно обработано (вставлено или проигнорировано) 4 записей.
2025-04-15 16:21:44,749 - INFO - Успешно обработаны ID: [351, 352, 353, 354]
2025-04-15 16:21:54,790 - INFO - Получен входящий POST запрос на /replicate
2025-04-15 16:21:54,791 - INFO - Получено 5 записей для сохранения.
2025-04-15 16:21:54,826 - INFO - Успешно обработано (вставлено или проигнорировано) 5 записей.
2025-04-15 16:21:54,826 - INFO - Успешно обработаны ID: [356, 357, 358, 359, 360]
2025-04-15 16:22:04,879 - INFO - Получен входящий POST запрос на /replicate
2025-04-15 16:22:04,880 - INFO - Получено 5 записей для сохранения.
2025-04-15 16:22:04,888 - INFO - Успешно обработано (вставлено или проигнорировано) 5 записей.
2025-04-15 16:22:04,889 - INFO - Успешно обработаны ID: [361, 362, 363, 364, 365]
2025-04-15 16:22:24,996 - INFO - Получен входящий POST запрос на /replicate
2025-04-15 16:22:24,997 - INFO - Получено 4 записей для сохранения.
2025-04-15 16:22:25,004 - INFO - Успешно обработано (вставлено или проигнорировано) 4 записей.
2025-04-15 16:22:25,005 - INFO - Успешно обработаны ID: [371, 372, 373, 374]
2025-04-15 16:22:35,038 - INFO - Получен входящий POST запрос на /replicate
2025-04-15 16:22:35,038 - INFO - Получено 2 записей для сохранения.
2025-04-15 16:22:35,043 - INFO - Успешно обработано (вставлено или проигнорировано) 2 записей.
2025-04-15 16:22:35,044 - INFO - Успешно обработаны ID: [378, 380]
2025-04-15 16:22:49,261 - INFO - Получен входящий POST запрос на /replicate
2025-04-15 16:22:49,262 - INFO - Получено 5 записей для сохранения.
2025-04-15 16:22:49,266 - INFO - Успешно обработано (вставлено или проигнорировано) 5 записей.
2025-04-15 16:22:49,266 - INFO - Успешно обработаны ID: [383, 391, 392, 393, 394]
2025-04-15 16:22:59,342 - INFO - Получен входящий POST запрос на /replicate
2025-04-15 16:22:59,342 - INFO - Получено 5 записей для сохранения.
2025-04-15 16:22:59,348 - INFO - Успешно обработано (вставлено или проигнорировано) 5 записей.
2025-04-15 16:22:59,348 - INFO - Успешно обработаны ID: [395, 401, 402, 403, 404]
2025-04-15 16:23:09,420 - INFO - Получен входящий POST запрос на /replicate
2025-04-15 16:23:09,422 - INFO - Получено 5 записей для сохранения.
2025-04-15 16:23:09,429 - INFO - Успешно обработано (вставлено или проигнорировано) 5 записей.
2025-04-15 16:23:09,430 - INFO - Успешно обработаны ID: [405, 411, 412, 413, 414]
2025-04-15 16:23:19,502 - INFO - Получен входящий POST запрос на /replicate
2025-04-15 16:23:19,503 - INFO - Получено 5 записей для сохранения.
2025-04-15 16:23:19,509 - INFO - Успешно обработано (вставлено или проигнорировано) 5 записей.
2025-04-15 16:23:19,510 - INFO - Успешно обработаны ID: [415, 421, 422, 423, 424]
2025-04-15 16:23:29,565 - INFO - Получен входящий POST запрос на /replicate
2025-04-15 16:23:29,565 - INFO - Получено 5 записей для сохранения.
2025-04-15 16:23:29,571 - INFO - Успешно обработано (вставлено или проигнорировано) 5 записей.
2025-04-15 16:23:29,571 - INFO - Успешно обработаны ID: [425, 431, 432, 433, 434]
2025-04-15 16:23:39,613 - INFO - Получен входящий POST запрос на /replicate
2025-04-15 16:23:39,613 - INFO - Получено 5 записей для сохранения.
2025-04-15 16:23:39,618 - INFO - Успешно обработано (вставлено или проигнорировано) 5 записей.
2025-04-15 16:23:39,619 - INFO - Успешно обработаны ID: [435, 441, 442, 443, 444]
2025-04-15 16:23:49,688 - INFO - Получен входящий POST запрос на /replicate
2025-04-15 16:23:49,689 - INFO - Получено 5 записей для сохранения.
2025-04-15 16:23:49,693 - INFO - Успешно обработано (вставлено или проигнорировано) 5 записей.
2025-04-15 16:23:49,694 - INFO - Успешно обработаны ID: [445, 451, 452, 453, 454]
2025-04-15 16:23:59,773 - INFO - Получен входящий POST запрос на /replicate
2025-04-15 16:23:59,774 - INFO - Получено 5 записей для сохранения.
2025-04-15 16:23:59,780 - INFO - Успешно обработано (вставлено или проигнорировано) 5 записей.
2025-04-15 16:23:59,781 - INFO - Успешно обработаны ID: [455, 461, 462, 463, 464]
2025-04-15 16:24:09,865 - INFO - Получен входящий POST запрос на /replicate
2025-04-15 16:24:09,865 - INFO - Получено 5 записей для сохранения.
2025-04-15 16:24:09,871 - INFO - Успешно обработано (вставлено или проигнорировано) 5 записей.
2025-04-15 16:24:09,871 - INFO - Успешно обработаны ID: [465, 471, 472, 473, 474]
2025-04-15 16:24:19,940 - INFO - Получен входящий POST запрос на /replicate
2025-04-15 16:24:19,941 - INFO - Получено 5 записей для сохранения.
2025-04-15 16:24:19,945 - INFO - Успешно обработано (вставлено или проигнорировано) 5 записей.
2025-04-15 16:24:19,946 - INFO - Успешно обработаны ID: [475, 481, 482, 483, 484]
2025-04-15 16:24:29,972 - INFO - Получен входящий POST запрос на /replicate
2025-04-15 16:24:29,973 - INFO - Получено 5 записей для сохранения.
2025-04-15 16:24:29,977 - INFO - Успешно обработано (вставлено или проигнорировано) 5 записей.
2025-04-15 16:24:29,977 - INFO - Успешно обработаны ID: [485, 491, 492, 493, 494]
2025-04-16 10:06:43,695 - INFO - Логгер для порта 5002 настроен, лог в territorial_api_5002.log
2025-04-16 10:06:43,695 - INFO - Проверка и настройка структуры БД: territorial2_db.sqlite...
2025-04-16 10:06:43,695 - INFO - Таблица 'telemetry' в territorial2_db.sqlite готова.
2025-04-16 10:06:43,695 - INFO - Запуск API на порту 5002 для работы с БД territorial2_db.sqlite
2025-04-16 10:08:11,072 - INFO - Получен входящий POST запрос на /replicate
2025-04-16 10:08:11,072 - INFO - Получено 5 записей для сохранения.
2025-04-16 10:08:22,016 - ERROR - Критическая ошибка во время сохранения данных в territorial2_db.sqlite. Откат транзакции.
Traceback (most recent call last):
  File "D:\6sem_BSTU\RIS\Lab6\territorial_client.py", line 121, in save_replicated_data
    conn.commit()
sqlite3.OperationalError: database is locked
2025-04-16 10:08:22,016 - ERROR - Ошибка при сохранении данных: Internal server error during database operation: database is locked
2025-04-16 10:08:42,983 - INFO - Получен входящий POST запрос на /replicate
2025-04-16 10:08:42,983 - INFO - Получено 5 записей для сохранения.
2025-04-16 10:08:53,952 - ERROR - Критическая ошибка во время сохранения данных в territorial2_db.sqlite. Откат транзакции.
Traceback (most recent call last):
  File "D:\6sem_BSTU\RIS\Lab6\territorial_client.py", line 121, in save_replicated_data
    conn.commit()
sqlite3.OperationalError: database is locked
2025-04-16 10:08:53,952 - ERROR - Ошибка при сохранении данных: Internal server error during database operation: database is locked
2025-04-16 10:09:15,185 - INFO - Получен входящий POST запрос на /replicate
2025-04-16 10:09:15,186 - INFO - Получено 5 записей для сохранения.
2025-04-16 10:09:26,235 - ERROR - Критическая ошибка во время сохранения данных в territorial2_db.sqlite. Откат транзакции.
Traceback (most recent call last):
  File "D:\6sem_BSTU\RIS\Lab6\territorial_client.py", line 121, in save_replicated_data
    conn.commit()
sqlite3.OperationalError: database is locked
2025-04-16 10:09:26,237 - ERROR - Ошибка при сохранении данных: Internal server error during database operation: database is locked
2025-04-16 10:09:47,299 - INFO - Получен входящий POST запрос на /replicate
2025-04-16 10:09:47,299 - INFO - Получено 5 записей для сохранения.
2025-04-16 10:09:58,299 - ERROR - Критическая ошибка во время сохранения данных в territorial2_db.sqlite. Откат транзакции.
Traceback (most recent call last):
  File "D:\6sem_BSTU\RIS\Lab6\territorial_client.py", line 121, in save_replicated_data
    conn.commit()
sqlite3.OperationalError: database is locked
2025-04-16 10:09:58,302 - ERROR - Ошибка при сохранении данных: Internal server error during database operation: database is locked
2025-04-16 10:10:19,431 - INFO - Получен входящий POST запрос на /replicate
2025-04-16 10:10:19,431 - INFO - Получено 5 записей для сохранения.
2025-04-16 10:10:30,462 - ERROR - Критическая ошибка во время сохранения данных в territorial2_db.sqlite. Откат транзакции.
Traceback (most recent call last):
  File "D:\6sem_BSTU\RIS\Lab6\territorial_client.py", line 121, in save_replicated_data
    conn.commit()
sqlite3.OperationalError: database is locked
2025-04-16 10:10:30,465 - ERROR - Ошибка при сохранении данных: Internal server error during database operation: database is locked
2025-04-16 10:10:51,560 - INFO - Получен входящий POST запрос на /replicate
2025-04-16 10:10:51,560 - INFO - Получено 5 записей для сохранения.
2025-04-16 10:11:02,419 - ERROR - Критическая ошибка во время сохранения данных в territorial2_db.sqlite. Откат транзакции.
Traceback (most recent call last):
  File "D:\6sem_BSTU\RIS\Lab6\territorial_client.py", line 121, in save_replicated_data
    conn.commit()
sqlite3.OperationalError: database is locked
2025-04-16 10:11:02,419 - ERROR - Ошибка при сохранении данных: Internal server error during database operation: database is locked
2025-04-16 10:11:23,309 - INFO - Получен входящий POST запрос на /replicate
2025-04-16 10:11:23,309 - INFO - Получено 5 записей для сохранения.
2025-04-16 10:11:34,116 - ERROR - Критическая ошибка во время сохранения данных в territorial2_db.sqlite. Откат транзакции.
Traceback (most recent call last):
  File "D:\6sem_BSTU\RIS\Lab6\territorial_client.py", line 121, in save_replicated_data
    conn.commit()
sqlite3.OperationalError: database is locked
2025-04-16 10:11:34,116 - ERROR - Ошибка при сохранении данных: Internal server error during database operation: database is locked
2025-04-16 10:18:01,575 - INFO - Логгер для порта 5002 настроен, лог в territorial_api_5002.log
2025-04-16 10:18:01,575 - INFO - Проверка и настройка структуры БД: territorial2_db.sqlite...
2025-04-16 10:18:01,580 - INFO - Таблица 'telemetry' в territorial2_db.sqlite готова.
2025-04-16 10:18:01,580 - INFO - Запуск API на порту 5002 для работы с БД territorial2_db.sqlite
2025-04-16 10:18:08,658 - INFO - Получен входящий POST запрос на /replicate
2025-04-16 10:18:08,658 - INFO - Получено 5 записей для сохранения.
2025-04-16 10:18:08,662 - INFO - Успешно обработано (вставлено или проигнорировано) 5 записей.
2025-04-16 10:18:08,663 - INFO - Успешно обработаны ID: [6, 7, 8, 9, 10]
2025-04-16 10:18:18,735 - INFO - Получен входящий POST запрос на /replicate
2025-04-16 10:18:18,736 - INFO - Получено 5 записей для сохранения.
2025-04-16 10:18:18,742 - INFO - Успешно обработано (вставлено или проигнорировано) 5 записей.
2025-04-16 10:18:18,743 - INFO - Успешно обработаны ID: [16, 17, 18, 19, 20]
2025-04-16 10:18:28,807 - INFO - Получен входящий POST запрос на /replicate
2025-04-16 10:18:28,808 - INFO - Получено 5 записей для сохранения.
2025-04-16 10:18:28,815 - INFO - Успешно обработано (вставлено или проигнорировано) 5 записей.
2025-04-16 10:18:28,815 - INFO - Успешно обработаны ID: [26, 27, 28, 29, 30]
2025-04-16 10:18:49,911 - INFO - Получен входящий POST запрос на /replicate
2025-04-16 10:18:49,912 - INFO - Получено 5 записей для сохранения.
2025-04-16 10:18:49,919 - INFO - Успешно обработано (вставлено или проигнорировано) 5 записей.
2025-04-16 10:18:49,919 - INFO - Успешно обработаны ID: [36, 37, 38, 39, 40]
2025-04-16 10:19:11,000 - INFO - Получен входящий POST запрос на /replicate
2025-04-16 10:19:11,001 - INFO - Получено 5 записей для сохранения.
2025-04-16 10:19:22,033 - ERROR - Критическая ошибка во время сохранения данных в territorial2_db.sqlite. Откат транзакции.
Traceback (most recent call last):
  File "D:\6sem_BSTU\RIS\Lab6\territorial_client.py", line 121, in save_replicated_data
    conn.commit()
sqlite3.OperationalError: database is locked
2025-04-16 10:19:22,036 - ERROR - Ошибка при сохранении данных: Internal server error during database operation: database is locked
2025-04-16 10:19:43,113 - INFO - Получен входящий POST запрос на /replicate
2025-04-16 10:19:43,114 - INFO - Получено 5 записей для сохранения.
2025-04-16 10:19:54,146 - ERROR - Критическая ошибка во время сохранения данных в territorial2_db.sqlite. Откат транзакции.
Traceback (most recent call last):
  File "D:\6sem_BSTU\RIS\Lab6\territorial_client.py", line 121, in save_replicated_data
    conn.commit()
sqlite3.OperationalError: database is locked
2025-04-16 10:19:54,146 - ERROR - Ошибка при сохранении данных: Internal server error during database operation: database is locked
2025-04-16 10:20:15,243 - INFO - Получен входящий POST запрос на /replicate
2025-04-16 10:20:15,244 - INFO - Получено 5 записей для сохранения.
2025-04-16 10:49:28,178 - INFO - Логгер для порта 5002 настроен, лог в territorial_api_5002.log
2025-04-16 10:49:28,180 - INFO - Проверка и настройка структуры БД: territorial2_db.sqlite...
2025-04-16 10:49:28,186 - INFO - Таблица 'telemetry' в territorial2_db.sqlite готова.
2025-04-16 10:49:28,187 - INFO - Запуск API на порту 5002 для работы с БД territorial2_db.sqlite
2025-04-16 10:49:39,835 - INFO - Получен входящий POST запрос на /replicate
2025-04-16 10:49:39,836 - INFO - Получено 5 записей для сохранения.
2025-04-16 10:49:39,842 - INFO - Успешно обработано (вставлено или проигнорировано) 5 записей.
2025-04-16 10:49:39,843 - INFO - Успешно обработаны ID: [6, 7, 8, 9, 10]
2025-04-16 10:49:49,897 - INFO - Получен входящий POST запрос на /replicate
2025-04-16 10:49:49,898 - INFO - Получено 5 записей для сохранения.
2025-04-16 10:49:49,903 - INFO - Успешно обработано (вставлено или проигнорировано) 5 записей.
2025-04-16 10:49:49,904 - INFO - Успешно обработаны ID: [16, 17, 18, 19, 20]
2025-04-16 10:49:59,964 - INFO - Получен входящий POST запрос на /replicate
2025-04-16 10:49:59,965 - INFO - Получено 5 записей для сохранения.
2025-04-16 10:49:59,969 - INFO - Успешно обработано (вставлено или проигнорировано) 5 записей.
2025-04-16 10:49:59,969 - INFO - Успешно обработаны ID: [26, 27, 28, 29, 30]
2025-04-16 10:50:21,025 - INFO - Получен входящий POST запрос на /replicate
2025-04-16 10:50:21,026 - INFO - Получено 5 записей для сохранения.
2025-04-16 10:50:21,032 - INFO - Успешно обработано (вставлено или проигнорировано) 5 записей.
2025-04-16 10:50:21,032 - INFO - Успешно обработаны ID: [36, 37, 38, 39, 40]
2025-04-16 10:50:42,073 - INFO - Получен входящий POST запрос на /replicate
2025-04-16 10:50:42,074 - INFO - Получено 5 записей для сохранения.
2025-04-16 10:50:42,080 - INFO - Успешно обработано (вставлено или проигнорировано) 5 записей.
2025-04-16 10:50:42,081 - INFO - Успешно обработаны ID: [46, 47, 48, 49, 50]
2025-04-16 10:51:03,158 - INFO - Получен входящий POST запрос на /replicate
2025-04-16 10:51:03,159 - INFO - Получено 5 записей для сохранения.
2025-04-16 10:51:03,166 - INFO - Успешно обработано (вставлено или проигнорировано) 5 записей.
2025-04-16 10:51:03,166 - INFO - Успешно обработаны ID: [56, 57, 58, 59, 60]
2025-04-16 11:13:51,689 - INFO - Логгер для порта 5002 настроен, лог в territorial_api_5002.log
2025-04-16 11:13:51,689 - INFO - Проверка и настройка структуры БД: territorial2_db.sqlite...
2025-04-16 11:13:51,689 - INFO - Таблица 'telemetry' в territorial2_db.sqlite готова.
2025-04-16 11:13:51,689 - INFO - Запуск API на порту 5002 для работы с БД territorial2_db.sqlite
2025-04-16 11:14:49,240 - INFO - Получен входящий POST запрос на /replicate
2025-04-16 11:14:49,240 - INFO - Получено 5 записей для сохранения.
2025-04-16 11:14:49,246 - INFO - Успешно обработано (вставлено или проигнорировано) 5 записей.
2025-04-16 11:14:49,246 - INFO - Успешно обработаны ID: [6, 7, 8, 9, 10]
2025-04-16 11:14:59,298 - INFO - Получен входящий POST запрос на /replicate
2025-04-16 11:14:59,298 - INFO - Получено 5 записей для сохранения.
2025-04-16 11:14:59,298 - INFO - Успешно обработано (вставлено или проигнорировано) 5 записей.
2025-04-16 11:14:59,298 - INFO - Успешно обработаны ID: [16, 17, 18, 19, 20]
2025-04-16 11:15:09,343 - INFO - Получен входящий POST запрос на /replicate
2025-04-16 11:15:09,343 - INFO - Получено 5 записей для сохранения.
2025-04-16 11:15:09,343 - INFO - Успешно обработано (вставлено или проигнорировано) 5 записей.
2025-04-16 11:15:09,343 - INFO - Успешно обработаны ID: [26, 27, 28, 29, 30]
2025-04-16 11:15:30,028 - INFO - Получен входящий POST запрос на /replicate
2025-04-16 11:15:30,028 - INFO - Получено 5 записей для сохранения.
2025-04-16 11:15:30,035 - INFO - Успешно обработано (вставлено или проигнорировано) 5 записей.
2025-04-16 11:15:30,035 - INFO - Успешно обработаны ID: [36, 37, 38, 39, 40]
2025-04-16 11:15:50,645 - INFO - Получен входящий POST запрос на /replicate
2025-04-16 11:15:50,645 - INFO - Получено 5 записей для сохранения.
2025-04-16 11:16:01,263 - ERROR - Критическая ошибка во время сохранения данных в territorial2_db.sqlite. Откат транзакции.
Traceback (most recent call last):
  File "D:\6sem_BSTU\RIS\Lab6\territorial_client.py", line 121, in save_replicated_data
    conn.commit()
sqlite3.OperationalError: database is locked
2025-04-16 11:16:01,263 - ERROR - Ошибка при сохранении данных: Internal server error during database operation: database is locked
2025-04-16 11:16:51,296 - INFO - Логгер для порта 5002 настроен, лог в territorial_api_5002.log
2025-04-16 11:16:51,296 - INFO - Проверка и настройка структуры БД: territorial2_db.sqlite...
2025-04-16 11:16:51,304 - INFO - Таблица 'telemetry' в territorial2_db.sqlite готова.
2025-04-16 11:16:51,304 - INFO - Запуск API на порту 5002 для работы с БД territorial2_db.sqlite
2025-04-16 11:16:52,190 - INFO - Получен входящий POST запрос на /replicate
2025-04-16 11:16:52,190 - INFO - Получено 5 записей для сохранения.
2025-04-16 11:16:52,198 - INFO - Успешно обработано (вставлено или проигнорировано) 5 записей.
2025-04-16 11:16:52,198 - INFO - Успешно обработаны ID: [6, 7, 8, 9, 10]
2025-04-16 11:17:02,232 - INFO - Получен входящий POST запрос на /replicate
2025-04-16 11:17:02,233 - INFO - Получено 5 записей для сохранения.
2025-04-16 11:17:02,237 - INFO - Успешно обработано (вставлено или проигнорировано) 5 записей.
2025-04-16 11:17:02,237 - INFO - Успешно обработаны ID: [16, 17, 18, 19, 20]
2025-04-16 11:17:12,306 - INFO - Получен входящий POST запрос на /replicate
2025-04-16 11:17:12,307 - INFO - Получено 5 записей для сохранения.
2025-04-16 11:17:12,314 - INFO - Успешно обработано (вставлено или проигнорировано) 5 записей.
2025-04-16 11:17:12,314 - INFO - Успешно обработаны ID: [26, 27, 28, 29, 30]
2025-04-16 11:17:22,379 - INFO - Получен входящий POST запрос на /replicate
2025-04-16 11:17:22,380 - INFO - Получено 5 записей для сохранения.
2025-04-16 11:17:22,386 - INFO - Успешно обработано (вставлено или проигнорировано) 5 записей.
2025-04-16 11:17:22,387 - INFO - Успешно обработаны ID: [36, 37, 38, 39, 40]
2025-04-16 11:17:32,454 - INFO - Получен входящий POST запрос на /replicate
2025-04-16 11:17:32,455 - INFO - Получено 5 записей для сохранения.
2025-04-16 11:17:32,461 - INFO - Успешно обработано (вставлено или проигнорировано) 5 записей.
2025-04-16 11:17:32,461 - INFO - Успешно обработаны ID: [46, 47, 48, 49, 50]
2025-04-16 11:17:42,517 - INFO - Получен входящий POST запрос на /replicate
2025-04-16 11:17:42,518 - INFO - Получено 5 записей для сохранения.
2025-04-16 11:17:42,524 - INFO - Успешно обработано (вставлено или проигнорировано) 5 записей.
2025-04-16 11:17:42,524 - INFO - Успешно обработаны ID: [56, 57, 58, 59, 60]
2025-04-16 11:17:52,598 - INFO - Получен входящий POST запрос на /replicate
2025-04-16 11:17:52,598 - INFO - Получено 5 записей для сохранения.
2025-04-16 11:17:52,604 - INFO - Успешно обработано (вставлено или проигнорировано) 5 записей.
2025-04-16 11:17:52,605 - INFO - Успешно обработаны ID: [66, 67, 68, 69, 70]
2025-04-16 11:18:02,634 - INFO - Получен входящий POST запрос на /replicate
2025-04-16 11:18:02,635 - INFO - Получено 5 записей для сохранения.
2025-04-16 11:18:02,639 - INFO - Успешно обработано (вставлено или проигнорировано) 5 записей.
2025-04-16 11:18:02,640 - INFO - Успешно обработаны ID: [76, 77, 78, 79, 80]
2025-04-16 11:18:12,714 - INFO - Получен входящий POST запрос на /replicate
2025-04-16 11:18:12,715 - INFO - Получено 5 записей для сохранения.
2025-04-16 11:18:12,721 - INFO - Успешно обработано (вставлено или проигнорировано) 5 записей.
2025-04-16 11:18:12,721 - INFO - Успешно обработаны ID: [86, 87, 88, 89, 90]
2025-04-16 11:18:22,791 - INFO - Получен входящий POST запрос на /replicate
2025-04-16 11:18:22,792 - INFO - Получено 5 записей для сохранения.
2025-04-16 11:18:22,798 - INFO - Успешно обработано (вставлено или проигнорировано) 5 записей.
2025-04-16 11:18:22,799 - INFO - Успешно обработаны ID: [96, 97, 98, 99, 100]
2025-04-16 11:18:32,874 - INFO - Получен входящий POST запрос на /replicate
2025-04-16 11:18:32,875 - INFO - Получено 5 записей для сохранения.
2025-04-16 11:18:32,881 - INFO - Успешно обработано (вставлено или проигнорировано) 5 записей.
2025-04-16 11:18:32,882 - INFO - Успешно обработаны ID: [106, 107, 108, 109, 110]
2025-04-16 11:44:01,190 - INFO - Логгер для порта 5002 настроен, лог в territorial_api_5002.log
2025-04-16 11:44:01,190 - INFO - Проверка и настройка структуры БД: territorial2_db.sqlite...
2025-04-16 11:44:01,190 - INFO - Таблица 'telemetry' в territorial2_db.sqlite готова.
2025-04-16 11:44:01,190 - INFO - Запуск API на порту 5002 для работы с БД territorial2_db.sqlite
2025-04-16 11:44:12,875 - INFO - Получен входящий POST запрос на /replicate
2025-04-16 11:44:12,875 - INFO - Получено 5 записей для сохранения.
2025-04-16 11:44:12,875 - INFO - Успешно обработано 5 записей.
2025-04-16 11:44:12,875 - INFO - Успешно обработаны ID: [6, 7, 8, 9, 10]
2025-04-16 11:44:22,914 - INFO - Получен входящий POST запрос на /replicate
2025-04-16 11:44:22,914 - INFO - Получено 5 записей для сохранения.
2025-04-16 11:44:22,914 - INFO - Успешно обработано 5 записей.
2025-04-16 11:44:22,914 - INFO - Успешно обработаны ID: [16, 17, 18, 19, 20]
2025-04-16 11:44:32,981 - INFO - Получен входящий POST запрос на /replicate
2025-04-16 11:44:32,981 - INFO - Получено 5 записей для сохранения.
2025-04-16 11:44:32,981 - INFO - Успешно обработано 5 записей.
2025-04-16 11:44:32,981 - INFO - Успешно обработаны ID: [26, 27, 28, 29, 30]
2025-04-16 11:44:43,062 - INFO - Получен входящий POST запрос на /replicate
2025-04-16 11:44:43,062 - INFO - Получено 5 записей для сохранения.
2025-04-16 11:44:43,066 - INFO - Успешно обработано 5 записей.
2025-04-16 11:44:43,066 - INFO - Успешно обработаны ID: [36, 37, 38, 39, 40]
2025-04-16 11:44:53,109 - INFO - Получен входящий POST запрос на /replicate
2025-04-16 11:44:53,109 - INFO - Получено 5 записей для сохранения.
2025-04-16 11:44:53,113 - INFO - Успешно обработано 5 записей.
2025-04-16 11:44:53,113 - INFO - Успешно обработаны ID: [46, 47, 48, 49, 50]
2025-04-16 11:45:03,181 - INFO - Получен входящий POST запрос на /replicate
2025-04-16 11:45:03,181 - INFO - Получено 5 записей для сохранения.
2025-04-16 11:45:03,181 - INFO - Успешно обработано 5 записей.
2025-04-16 11:45:03,181 - INFO - Успешно обработаны ID: [56, 57, 58, 59, 60]
2025-04-16 11:45:13,228 - INFO - Получен входящий POST запрос на /replicate
2025-04-16 11:45:13,228 - INFO - Получено 5 записей для сохранения.
2025-04-16 11:45:13,228 - INFO - Успешно обработано 5 записей.
2025-04-16 11:45:13,228 - INFO - Успешно обработаны ID: [66, 67, 68, 69, 70]
2025-04-16 11:45:34,291 - INFO - Получен входящий POST запрос на /replicate
2025-04-16 11:45:34,291 - INFO - Получено 5 записей для сохранения.
2025-04-16 11:45:34,291 - INFO - Успешно обработано 5 записей.
2025-04-16 11:45:34,291 - INFO - Успешно обработаны ID: [76, 77, 78, 79, 80]
2025-04-16 11:45:55,330 - INFO - Получен входящий POST запрос на /replicate
2025-04-16 11:45:55,331 - INFO - Получено 5 записей для сохранения.
2025-04-16 11:46:06,281 - ERROR - Критическая ошибка во время сохранения данных в territorial2_db.sqlite. Откат транзакции.
Traceback (most recent call last):
  File "D:\6sem_BSTU\RIS\Lab6\territorial_client.py", line 121, in save_replicated_data
    conn.commit()
sqlite3.OperationalError: database is locked
2025-04-16 11:46:06,285 - ERROR - Ошибка при сохранении данных: Internal server error during database operation: database is locked
2025-04-16 11:46:27,333 - INFO - Получен входящий POST запрос на /replicate
2025-04-16 11:46:27,333 - INFO - Получено 5 записей для сохранения.
